-------------------------------------------------------------------------------
Test set: com.bridgelabz.fundoonotes.FundoonotesApplicationTests
-------------------------------------------------------------------------------
Tests run: 1, Failures: 0, Errors: 1, Skipped: 0, Time elapsed: 0.965 s <<< FAILURE! - in com.bridgelabz.fundoonotes.FundoonotesApplicationTests
contextLoads(com.bridgelabz.fundoonotes.FundoonotesApplicationTests)  Time elapsed: 0 s  <<< ERROR!
java.lang.IllegalStateException: Failed to load ApplicationContext
Caused by: org.springframework.beans.factory.UnsatisfiedDependencyException: Error creating bean with name 'tokenRepositoryImpl' defined in file [/home/bridgelabz/fundoonotes/fundoonotes/target/classes/com/bridgelabz/fundoonotes/notes/repositories/TokenRepositoryImpl.class]: Unsatisfied dependency expressed through constructor parameter 0; nested exception is org.springframework.beans.factory.NoUniqueBeanDefinitionException: No qualifying bean of type 'org.springframework.data.redis.core.RedisTemplate<?, ?>' available: expected single matching bean but found 2: redisTemplate,stringRedisTemplate
Caused by: org.springframework.beans.factory.NoUniqueBeanDefinitionException: No qualifying bean of type 'org.springframework.data.redis.core.RedisTemplate<?, ?>' available: expected single matching bean but found 2: redisTemplate,stringRedisTemplate

