-------------------------------------------------------------------------------
Test set: com.bridgelabz.fundoonotes.TestServices
-------------------------------------------------------------------------------
Tests run: 1, Failures: 1, Errors: 0, Skipped: 0, Time elapsed: 7.672 s <<< FAILURE! - in com.bridgelabz.fundoonotes.TestServices
login(com.bridgelabz.fundoonotes.TestServices)  Time elapsed: 0.486 s  <<< FAILURE!
java.lang.AssertionError: JSON path "$.message" expected:<SuccessFully LoggedIn> but was:<java.net.ConnectException: Connection refused (Connection refused)>
	at com.bridgelabz.fundoonotes.TestServices.login(TestServices.java:48)

