<?xml version="1.0" encoding="UTF-8"?>
<testsuite xmlns:xsi="http://www.w3.org/2001/XMLSchema-instance" xsi:noNamespaceSchemaLocation="https://maven.apache.org/surefire/maven-surefire-plugin/xsd/surefire-test-report.xsd" name="com.bridgelabz.fundoonotes.TestServices" time="7.672" tests="1" errors="0" skipped="0" failures="1">
  <properties>
[...]
</properties>
  <testcase name="login" classname="com.bridgelabz.fundoonotes.TestServices" time="0.486">
    <failure message="JSON path &quot;$.message&quot; expected:&lt;SuccessFully LoggedIn&gt; but was:&lt;java.net.ConnectException: Connection refused (Connection refused)&gt;" type="java.lang.AssertionError"><![CDATA[java.lang.AssertionError: JSON path "$.message" expected:<SuccessFully LoggedIn> but was:<java.net.ConnectException: Connection refused (Connection refused)>
	at com.bridgelabz.fundoonotes.TestServices.login(TestServices.java:48)
]]></failure>
    <system-out><![CDATA[16:28:28.983 [main] DEBUG org.springframework.test.context.junit4.SpringJUnit4ClassRunner - SpringJUnit4ClassRunner constructor called with [class com.bridgelabz.fundoonotes.TestServices]
16:28:28.988 [main] DEBUG org.springframework.test.context.BootstrapUtils - Instantiating CacheAwareContextLoaderDelegate from class [org.springframework.test.context.cache.DefaultCacheAwareContextLoaderDelegate]
16:28:28.994 [main] DEBUG org.springframework.test.context.BootstrapUtils - Instantiating BootstrapContext using constructor [public org.springframework.test.context.support.DefaultBootstrapContext(java.lang.Class,org.springframework.test.context.CacheAwareContextLoaderDelegate)]
16:28:29.012 [main] DEBUG org.springframework.test.context.BootstrapUtils - Instantiating TestContextBootstrapper for test class [com.bridgelabz.fundoonotes.TestServices] from class [org.springframework.boot.test.context.SpringBootTestContextBootstrapper]
16:28:29.028 [main] DEBUG org.springframework.test.context.support.AbstractContextLoader - Did not detect default resource location for test class [com.bridgelabz.fundoonotes.TestServices]: class path resource [com/bridgelabz/fundoonotes/TestServices-context.xml] does not exist
16:28:29.029 [main] DEBUG org.springframework.test.context.support.AbstractContextLoader - Did not detect default resource location for test class [com.bridgelabz.fundoonotes.TestServices]: class path resource [com/bridgelabz/fundoonotes/TestServicesContext.groovy] does not exist
16:28:29.029 [main] INFO org.springframework.test.context.support.AbstractContextLoader - Could not detect default resource locations for test class [com.bridgelabz.fundoonotes.TestServices]: no resource found for suffixes {-context.xml, Context.groovy}.
16:28:29.066 [main] DEBUG org.springframework.test.context.support.ActiveProfilesUtils - Could not find an 'annotation declaring class' for annotation type [org.springframework.test.context.ActiveProfiles] and class [com.bridgelabz.fundoonotes.TestServices]
16:28:29.203 [main] DEBUG org.springframework.boot.test.context.SpringBootTestContextBootstrapper - @TestExecutionListeners is not present for class [com.bridgelabz.fundoonotes.TestServices]: using defaults.
16:28:29.204 [main] INFO org.springframework.boot.test.context.SpringBootTestContextBootstrapper - Loaded default TestExecutionListener class names from location [META-INF/spring.factories]: [org.springframework.boot.test.mock.mockito.MockitoTestExecutionListener, org.springframework.boot.test.mock.mockito.ResetMocksTestExecutionListener, org.springframework.boot.test.autoconfigure.restdocs.RestDocsTestExecutionListener, org.springframework.boot.test.autoconfigure.web.client.MockRestServiceServerResetTestExecutionListener, org.springframework.boot.test.autoconfigure.web.servlet.MockMvcPrintOnlyOnFailureTestExecutionListener, org.springframework.boot.test.autoconfigure.web.servlet.WebDriverTestExecutionListener, org.springframework.test.context.web.ServletTestExecutionListener, org.springframework.test.context.support.DirtiesContextBeforeModesTestExecutionListener, org.springframework.test.context.support.DependencyInjectionTestExecutionListener, org.springframework.test.context.support.DirtiesContextTestExecutionListener, org.springframework.test.context.transaction.TransactionalTestExecutionListener, org.springframework.test.context.jdbc.SqlScriptsTestExecutionListener]
16:28:29.219 [main] INFO org.springframework.boot.test.context.SpringBootTestContextBootstrapper - Using TestExecutionListeners: [org.springframework.test.context.web.ServletTestExecutionListener@4961f6af, org.springframework.test.context.support.DirtiesContextBeforeModesTestExecutionListener@5aebe890, org.springframework.boot.test.mock.mockito.MockitoTestExecutionListener@65d09a04, org.springframework.boot.test.autoconfigure.SpringBootDependencyInjectionTestExecutionListener@33c911a1, org.springframework.test.context.support.DirtiesContextTestExecutionListener@75db5df9, org.springframework.test.context.transaction.TransactionalTestExecutionListener@707194ba, org.springframework.test.context.jdbc.SqlScriptsTestExecutionListener@1190200a, org.springframework.boot.test.mock.mockito.ResetMocksTestExecutionListener@6a2f6f80, org.springframework.boot.test.autoconfigure.restdocs.RestDocsTestExecutionListener@45b4c3a9, org.springframework.boot.test.autoconfigure.web.client.MockRestServiceServerResetTestExecutionListener@399c4be1, org.springframework.boot.test.autoconfigure.web.servlet.MockMvcPrintOnlyOnFailureTestExecutionListener@291caca8, org.springframework.boot.test.autoconfigure.web.servlet.WebDriverTestExecutionListener@385e9564]
16:28:29.220 [main] DEBUG org.springframework.test.annotation.ProfileValueUtils - Retrieved @ProfileValueSourceConfiguration [null] for test class [com.bridgelabz.fundoonotes.TestServices]
16:28:29.221 [main] DEBUG org.springframework.test.annotation.ProfileValueUtils - Retrieved ProfileValueSource type [class org.springframework.test.annotation.SystemProfileValueSource] for class [com.bridgelabz.fundoonotes.TestServices]
16:28:29.222 [main] DEBUG org.springframework.test.annotation.ProfileValueUtils - Retrieved @ProfileValueSourceConfiguration [null] for test class [com.bridgelabz.fundoonotes.TestServices]
16:28:29.222 [main] DEBUG org.springframework.test.annotation.ProfileValueUtils - Retrieved ProfileValueSource type [class org.springframework.test.annotation.SystemProfileValueSource] for class [com.bridgelabz.fundoonotes.TestServices]
16:28:29.222 [main] DEBUG org.springframework.test.annotation.ProfileValueUtils - Retrieved @ProfileValueSourceConfiguration [null] for test class [com.bridgelabz.fundoonotes.TestServices]
16:28:29.222 [main] DEBUG org.springframework.test.annotation.ProfileValueUtils - Retrieved ProfileValueSource type [class org.springframework.test.annotation.SystemProfileValueSource] for class [com.bridgelabz.fundoonotes.TestServices]
16:28:29.225 [main] DEBUG org.springframework.test.context.support.AbstractDirtiesContextTestExecutionListener - Before test class: context [DefaultTestContext@38e79ae3 testClass = TestServices, testInstance = [null], testMethod = [null], testException = [null], mergedContextConfiguration = [WebMergedContextConfiguration@63070bab testClass = TestServices, locations = '{}', classes = '{class com.bridgelabz.fundoonotes.FundoonotesApplication}', contextInitializerClasses = '[]', activeProfiles = '{}', propertySourceLocations = '{}', propertySourceProperties = '{org.springframework.boot.test.context.SpringBootTestContextBootstrapper=true}', contextCustomizers = set[org.springframework.boot.test.context.filter.ExcludeFilterContextCustomizer@46238e3f, org.springframework.boot.test.json.DuplicateJsonObjectContextCustomizerFactory$DuplicateJsonObjectContextCustomizer@4e4aea35, org.springframework.boot.test.mock.mockito.MockitoContextCustomizer@0, org.springframework.boot.test.web.client.TestRestTemplateContextCustomizer@b59d31, org.springframework.boot.test.autoconfigure.properties.PropertyMappingContextCustomizer@0, org.springframework.boot.test.autoconfigure.web.servlet.WebDriverContextCustomizerFactory$Customizer@71248c21], resourceBasePath = 'src/main/webapp', contextLoader = 'org.springframework.boot.test.context.SpringBootContextLoader', parent = [null]], attributes = map['org.springframework.test.context.web.ServletTestExecutionListener.activateListener' -> true]], class annotated with @DirtiesContext [false] with mode [null].
16:28:29.226 [main] DEBUG org.springframework.test.annotation.ProfileValueUtils - Retrieved @ProfileValueSourceConfiguration [null] for test class [com.bridgelabz.fundoonotes.TestServices]
16:28:29.226 [main] DEBUG org.springframework.test.annotation.ProfileValueUtils - Retrieved ProfileValueSource type [class org.springframework.test.annotation.SystemProfileValueSource] for class [com.bridgelabz.fundoonotes.TestServices]
16:28:29.249 [main] DEBUG org.springframework.core.env.StandardEnvironment - Adding PropertySource 'systemProperties' with lowest search precedence
16:28:29.249 [main] DEBUG org.springframework.core.env.StandardEnvironment - Adding PropertySource 'systemEnvironment' with lowest search precedence
16:28:29.250 [main] DEBUG org.springframework.core.env.StandardEnvironment - Initialized StandardEnvironment with PropertySources [MapPropertySource@2003534796 {name='systemProperties', properties={java.runtime.name=Java(TM) SE Runtime Environment, sun.boot.library.path=/usr/lib/jvm/java-8-oracle/jre/lib/amd64, java.vm.version=25.171-b11, java.vm.vendor=Oracle Corporation, java.vendor.url=http://java.oracle.com/, path.separator=:, java.vm.name=Java HotSpot(TM) 64-Bit Server VM, file.encoding.pkg=sun.io, user.country=IN, sun.java.launcher=SUN_STANDARD, sun.os.patch.level=unknown, java.vm.specification.name=Java Virtual Machine Specification, user.dir=/home/bridgelabz/fundoonotes/fundoonotes, java.runtime.version=1.8.0_171-b11, basedir=/home/bridgelabz/fundoonotes/fundoonotes, java.awt.graphicsenv=sun.awt.X11GraphicsEnvironment, java.endorsed.dirs=/usr/lib/jvm/java-8-oracle/jre/lib/endorsed, os.arch=amd64, surefire.real.class.path=/home/bridgelabz/fundoonotes/fundoonotes/target/surefire/surefirebooter2953429098920688639.jar, java.io.tmpdir=/tmp, line.separator=
, java.vm.specification.vendor=Oracle Corporation, os.name=Linux, sun.jnu.encoding=UTF-8, java.library.path=/usr/java/packages/lib/amd64:/usr/lib64:/lib64:/lib:/usr/lib, surefire.test.class.path=/home/bridgelabz/fundoonotes/fundoonotes/target/test-classes:/home/bridgelabz/fundoonotes/fundoonotes/target/classes:/home/bridgelabz/.m2/repository/org/springframework/boot/spring-boot-starter-web/2.0.3.RELEASE/spring-boot-starter-web-2.0.3.RELEASE.jar:/home/bridgelabz/.m2/repository/org/springframework/boot/spring-boot-starter/2.0.3.RELEASE/spring-boot-starter-2.0.3.RELEASE.jar:/home/bridgelabz/.m2/repository/org/springframework/boot/spring-boot/2.0.3.RELEASE/spring-boot-2.0.3.RELEASE.jar:/home/bridgelabz/.m2/repository/org/springframework/boot/spring-boot-autoconfigure/2.0.3.RELEASE/spring-boot-autoconfigure-2.0.3.RELEASE.jar:/home/bridgelabz/.m2/repository/org/springframework/boot/spring-boot-starter-logging/2.0.3.RELEASE/spring-boot-starter-logging-2.0.3.RELEASE.jar:/home/bridgelabz/.m2/repository/ch/qos/logback/logback-classic/1.2.3/logback-classic-1.2.3.jar:/home/bridgelabz/.m2/repository/ch/qos/logback/logback-core/1.2.3/logback-core-1.2.3.jar:/home/bridgelabz/.m2/repository/org/apache/logging/log4j/log4j-to-slf4j/2.10.0/log4j-to-slf4j-2.10.0.jar:/home/bridgelabz/.m2/repository/org/slf4j/jul-to-slf4j/1.7.25/jul-to-slf4j-1.7.25.jar:/home/bridgelabz/.m2/repository/javax/annotation/javax.annotation-api/1.3.2/javax.annotation-api-1.3.2.jar:/home/bridgelabz/.m2/repository/org/yaml/snakeyaml/1.19/snakeyaml-1.19.jar:/home/bridgelabz/.m2/repository/org/springframework/boot/spring-boot-starter-json/2.0.3.RELEASE/spring-boot-starter-json-2.0.3.RELEASE.jar:/home/bridgelabz/.m2/repository/com/fasterxml/jackson/datatype/jackson-datatype-jdk8/2.9.6/jackson-datatype-jdk8-2.9.6.jar:/home/bridgelabz/.m2/repository/com/fasterxml/jackson/datatype/jackson-datatype-jsr310/2.9.6/jackson-datatype-jsr310-2.9.6.jar:/home/bridgelabz/.m2/repository/com/fasterxml/jackson/module/jackson-module-parameter-names/2.9.6/jackson-module-parameter-names-2.9.6.jar:/home/bridgelabz/.m2/repository/org/springframework/boot/spring-boot-starter-tomcat/2.0.3.RELEASE/spring-boot-starter-tomcat-2.0.3.RELEASE.jar:/home/bridgelabz/.m2/repository/org/apache/tomcat/embed/tomcat-embed-core/8.5.31/tomcat-embed-core-8.5.31.jar:/home/bridgelabz/.m2/repository/org/apache/tomcat/embed/tomcat-embed-el/8.5.31/tomcat-embed-el-8.5.31.jar:/home/bridgelabz/.m2/repository/org/apache/tomcat/embed/tomcat-embed-websocket/8.5.31/tomcat-embed-websocket-8.5.31.jar:/home/bridgelabz/.m2/repository/org/hibernate/validator/hibernate-validator/6.0.10.Final/hibernate-validator-6.0.10.Final.jar:/home/bridgelabz/.m2/repository/javax/validation/validation-api/2.0.1.Final/validation-api-2.0.1.Final.jar:/home/bridgelabz/.m2/repository/org/jboss/logging/jboss-logging/3.3.2.Final/jboss-logging-3.3.2.Final.jar:/home/bridgelabz/.m2/repository/org/springframework/spring-web/5.0.7.RELEASE/spring-web-5.0.7.RELEASE.jar:/home/bridgelabz/.m2/repository/javax/mail/mail/1.4/mail-1.4.jar:/home/bridgelabz/.m2/repository/javax/activation/activation/1.1/activation-1.1.jar:/home/bridgelabz/.m2/repository/org/springframework/spring-webmvc/5.0.7.RELEASE/spring-webmvc-5.0.7.RELEASE.jar:/home/bridgelabz/.m2/repository/org/springframework/spring-aop/5.0.7.RELEASE/spring-aop-5.0.7.RELEASE.jar:/home/bridgelabz/.m2/repository/org/springframework/spring-beans/5.0.7.RELEASE/spring-beans-5.0.7.RELEASE.jar:/home/bridgelabz/.m2/repository/org/springframework/spring-context/5.0.7.RELEASE/spring-context-5.0.7.RELEASE.jar:/home/bridgelabz/.m2/repository/org/springframework/spring-core/5.0.7.RELEASE/spring-core-5.0.7.RELEASE.jar:/home/bridgelabz/.m2/repository/org/springframework/spring-jcl/5.0.7.RELEASE/spring-jcl-5.0.7.RELEASE.jar:/home/bridgelabz/.m2/repository/org/springframework/spring-expression/5.0.7.RELEASE/spring-expression-5.0.7.RELEASE.jar:/home/bridgelabz/.m2/repository/org/springframework/data/spring-data-redis/2.0.8.RELEASE/spring-data-redis-2.0.8.RELEASE.jar:/home/bridgelabz/.m2/repository/org/springframework/data/spring-data-keyvalue/2.0.8.RELEASE/spring-data-keyvalue-2.0.8.RELEASE.jar:/home/bridgelabz/.m2/repository/org/springframework/data/spring-data-commons/2.0.8.RELEASE/spring-data-commons-2.0.8.RELEASE.jar:/home/bridgelabz/.m2/repository/org/springframework/spring-tx/5.0.7.RELEASE/spring-tx-5.0.7.RELEASE.jar:/home/bridgelabz/.m2/repository/org/springframework/spring-oxm/5.0.7.RELEASE/spring-oxm-5.0.7.RELEASE.jar:/home/bridgelabz/.m2/repository/org/springframework/spring-context-support/5.0.7.RELEASE/spring-context-support-5.0.7.RELEASE.jar:/home/bridgelabz/.m2/repository/org/slf4j/slf4j-api/1.7.25/slf4j-api-1.7.25.jar:/home/bridgelabz/.m2/repository/commons-validator/commons-validator/1.4.0/commons-validator-1.4.0.jar:/home/bridgelabz/.m2/repository/commons-beanutils/commons-beanutils/1.8.3/commons-beanutils-1.8.3.jar:/home/bridgelabz/.m2/repository/commons-digester/commons-digester/1.8/commons-digester-1.8.jar:/home/bridgelabz/.m2/repository/commons-logging/commons-logging/1.1.1/commons-logging-1.1.1.jar:/home/bridgelabz/.m2/repository/redis/clients/jedis/2.9.0/jedis-2.9.0.jar:/home/bridgelabz/.m2/repository/org/apache/commons/commons-pool2/2.5.0/commons-pool2-2.5.0.jar:/home/bridgelabz/.m2/repository/io/jsonwebtoken/jjwt/0.6.0/jjwt-0.6.0.jar:/home/bridgelabz/.m2/repository/com/fasterxml/jackson/core/jackson-databind/2.9.6/jackson-databind-2.9.6.jar:/home/bridgelabz/.m2/repository/joda-time/joda-time/2.9.9/joda-time-2.9.9.jar:/home/bridgelabz/.m2/repository/org/springframework/boot/spring-boot-starter-mail/2.0.3.RELEASE/spring-boot-starter-mail-2.0.3.RELEASE.jar:/home/bridgelabz/.m2/repository/com/sun/mail/javax.mail/1.6.1/javax.mail-1.6.1.jar:/home/bridgelabz/.m2/repository/org/springframework/boot/spring-boot-starter-data-mongodb/2.0.3.RELEASE/spring-boot-starter-data-mongodb-2.0.3.RELEASE.jar:/home/bridgelabz/.m2/repository/org/mongodb/mongodb-driver/3.6.4/mongodb-driver-3.6.4.jar:/home/bridgelabz/.m2/repository/org/mongodb/bson/3.6.4/bson-3.6.4.jar:/home/bridgelabz/.m2/repository/org/mongodb/mongodb-driver-core/3.6.4/mongodb-driver-core-3.6.4.jar:/home/bridgelabz/.m2/repository/org/springframework/data/spring-data-mongodb/2.0.8.RELEASE/spring-data-mongodb-2.0.8.RELEASE.jar:/home/bridgelabz/.m2/repository/io/springfox/springfox-swagger2/2.5.0/springfox-swagger2-2.5.0.jar:/home/bridgelabz/.m2/repository/io/swagger/swagger-annotations/1.5.9/swagger-annotations-1.5.9.jar:/home/bridgelabz/.m2/repository/io/swagger/swagger-models/1.5.9/swagger-models-1.5.9.jar:/home/bridgelabz/.m2/repository/io/springfox/springfox-spi/2.5.0/springfox-spi-2.5.0.jar:/home/bridgelabz/.m2/repository/io/springfox/springfox-core/2.5.0/springfox-core-2.5.0.jar:/home/bridgelabz/.m2/repository/io/springfox/springfox-schema/2.5.0/springfox-schema-2.5.0.jar:/home/bridgelabz/.m2/repository/io/springfox/springfox-swagger-common/2.5.0/springfox-swagger-common-2.5.0.jar:/home/bridgelabz/.m2/repository/io/springfox/springfox-spring-web/2.5.0/springfox-spring-web-2.5.0.jar:/home/bridgelabz/.m2/repository/com/google/guava/guava/18.0/guava-18.0.jar:/home/bridgelabz/.m2/repository/com/fasterxml/classmate/1.3.4/classmate-1.3.4.jar:/home/bridgelabz/.m2/repository/org/springframework/plugin/spring-plugin-core/1.2.0.RELEASE/spring-plugin-core-1.2.0.RELEASE.jar:/home/bridgelabz/.m2/repository/org/springframework/plugin/spring-plugin-metadata/1.2.0.RELEASE/spring-plugin-metadata-1.2.0.RELEASE.jar:/home/bridgelabz/.m2/repository/org/mapstruct/mapstruct/1.0.0.Final/mapstruct-1.0.0.Final.jar:/home/bridgelabz/.m2/repository/org/modelmapper/modelmapper/0.7.5/modelmapper-0.7.5.jar:/home/bridgelabz/.m2/repository/org/jsoup/jsoup/1.8.3/jsoup-1.8.3.jar:/home/bridgelabz/.m2/repository/io/springfox/springfox-swagger-ui/2.5.0/springfox-swagger-ui-2.5.0.jar:/home/bridgelabz/.m2/repository/org/springframework/security/spring-security-core/5.0.6.RELEASE/spring-security-core-5.0.6.RELEASE.jar:/home/bridgelabz/.m2/repository/org/springframework/boot/spring-boot-starter-test/2.0.3.RELEASE/spring-boot-starter-test-2.0.3.RELEASE.jar:/home/bridgelabz/.m2/repository/org/springframework/boot/spring-boot-test/2.0.3.RELEASE/spring-boot-test-2.0.3.RELEASE.jar:/home/bridgelabz/.m2/repository/org/springframework/boot/spring-boot-test-autoconfigure/2.0.3.RELEASE/spring-boot-test-autoconfigure-2.0.3.RELEASE.jar:/home/bridgelabz/.m2/repository/com/jayway/jsonpath/json-path/2.4.0/json-path-2.4.0.jar:/home/bridgelabz/.m2/repository/net/minidev/json-smart/2.3/json-smart-2.3.jar:/home/bridgelabz/.m2/repository/net/minidev/accessors-smart/1.2/accessors-smart-1.2.jar:/home/bridgelabz/.m2/repository/org/ow2/asm/asm/5.0.4/asm-5.0.4.jar:/home/bridgelabz/.m2/repository/junit/junit/4.12/junit-4.12.jar:/home/bridgelabz/.m2/repository/org/assertj/assertj-core/3.9.1/assertj-core-3.9.1.jar:/home/bridgelabz/.m2/repository/org/mockito/mockito-core/2.15.0/mockito-core-2.15.0.jar:/home/bridgelabz/.m2/repository/net/bytebuddy/byte-buddy/1.7.11/byte-buddy-1.7.11.jar:/home/bridgelabz/.m2/repository/net/bytebuddy/byte-buddy-agent/1.7.11/byte-buddy-agent-1.7.11.jar:/home/bridgelabz/.m2/repository/org/objenesis/objenesis/2.6/objenesis-2.6.jar:/home/bridgelabz/.m2/repository/org/hamcrest/hamcrest-core/1.3/hamcrest-core-1.3.jar:/home/bridgelabz/.m2/repository/org/hamcrest/hamcrest-library/1.3/hamcrest-library-1.3.jar:/home/bridgelabz/.m2/repository/org/skyscreamer/jsonassert/1.5.0/jsonassert-1.5.0.jar:/home/bridgelabz/.m2/repository/com/vaadin/external/google/android-json/0.0.20131108.vaadin1/android-json-0.0.20131108.vaadin1.jar:/home/bridgelabz/.m2/repository/org/springframework/spring-test/5.0.7.RELEASE/spring-test-5.0.7.RELEASE.jar:/home/bridgelabz/.m2/repository/org/xmlunit/xmlunit-core/2.5.1/xmlunit-core-2.5.1.jar:/home/bridgelabz/.m2/repository/org/springframework/boot/spring-boot-starter-amqp/2.0.3.RELEASE/spring-boot-starter-amqp-2.0.3.RELEASE.jar:/home/bridgelabz/.m2/repository/org/springframework/spring-messaging/5.0.7.RELEASE/spring-messaging-5.0.7.RELEASE.jar:/home/bridgelabz/.m2/repository/org/springframework/amqp/spring-rabbit/2.0.4.RELEASE/spring-rabbit-2.0.4.RELEASE.jar:/home/bridgelabz/.m2/repository/org/springframework/amqp/spring-amqp/2.0.4.RELEASE/spring-amqp-2.0.4.RELEASE.jar:/home/bridgelabz/.m2/repository/com/rabbitmq/amqp-client/5.1.2/amqp-client-5.1.2.jar:/home/bridgelabz/.m2/repository/org/springframework/retry/spring-retry/1.2.2.RELEASE/spring-retry-1.2.2.RELEASE.jar:/home/bridgelabz/.m2/repository/org/mockito/mockito-all/1.10.19/mockito-all-1.10.19.jar:/home/bridgelabz/.m2/repository/org/springframework/boot/spring-boot-starter-data-elasticsearch/2.0.3.RELEASE/spring-boot-starter-data-elasticsearch-2.0.3.RELEASE.jar:/home/bridgelabz/.m2/repository/org/springframework/data/spring-data-elasticsearch/3.0.8.RELEASE/spring-data-elasticsearch-3.0.8.RELEASE.jar:/home/bridgelabz/.m2/repository/commons-lang/commons-lang/2.6/commons-lang-2.6.jar:/home/bridgelabz/.m2/repository/org/elasticsearch/elasticsearch/5.6.10/elasticsearch-5.6.10.jar:/home/bridgelabz/.m2/repository/org/apache/lucene/lucene-core/6.6.1/lucene-core-6.6.1.jar:/home/bridgelabz/.m2/repository/org/apache/lucene/lucene-analyzers-common/6.6.1/lucene-analyzers-common-6.6.1.jar:/home/bridgelabz/.m2/repository/org/apache/lucene/lucene-backward-codecs/6.6.1/lucene-backward-codecs-6.6.1.jar:/home/bridgelabz/.m2/repository/org/apache/lucene/lucene-grouping/6.6.1/lucene-grouping-6.6.1.jar:/home/bridgelabz/.m2/repository/org/apache/lucene/lucene-highlighter/6.6.1/lucene-highlighter-6.6.1.jar:/home/bridgelabz/.m2/repository/org/apache/lucene/lucene-join/6.6.1/lucene-join-6.6.1.jar:/home/bridgelabz/.m2/repository/org/apache/lucene/lucene-memory/6.6.1/lucene-memory-6.6.1.jar:/home/bridgelabz/.m2/repository/org/apache/lucene/lucene-misc/6.6.1/lucene-misc-6.6.1.jar:/home/bridgelabz/.m2/repository/org/apache/lucene/lucene-queries/6.6.1/lucene-queries-6.6.1.jar:/home/bridgelabz/.m2/repository/org/apache/lucene/lucene-queryparser/6.6.1/lucene-queryparser-6.6.1.jar:/home/bridgelabz/.m2/repository/org/apache/lucene/lucene-sandbox/6.6.1/lucene-sandbox-6.6.1.jar:/home/bridgelabz/.m2/repository/org/apache/lucene/lucene-spatial/6.6.1/lucene-spatial-6.6.1.jar:/home/bridgelabz/.m2/repository/org/apache/lucene/lucene-spatial-extras/6.6.1/lucene-spatial-extras-6.6.1.jar:/home/bridgelabz/.m2/repository/org/apache/lucene/lucene-spatial3d/6.6.1/lucene-spatial3d-6.6.1.jar:/home/bridgelabz/.m2/repository/org/apache/lucene/lucene-suggest/6.6.1/lucene-suggest-6.6.1.jar:/home/bridgelabz/.m2/repository/org/elasticsearch/securesm/1.2/securesm-1.2.jar:/home/bridgelabz/.m2/repository/net/sf/jopt-simple/jopt-simple/5.0.2/jopt-simple-5.0.2.jar:/home/bridgelabz/.m2/repository/com/carrotsearch/hppc/0.7.1/hppc-0.7.1.jar:/home/bridgelabz/.m2/repository/com/fasterxml/jackson/dataformat/jackson-dataformat-smile/2.9.6/jackson-dataformat-smile-2.9.6.jar:/home/bridgelabz/.m2/repository/com/fasterxml/jackson/dataformat/jackson-dataformat-yaml/2.9.6/jackson-dataformat-yaml-2.9.6.jar:/home/bridgelabz/.m2/repository/com/fasterxml/jackson/dataformat/jackson-dataformat-cbor/2.9.6/jackson-dataformat-cbor-2.9.6.jar:/home/bridgelabz/.m2/repository/com/tdunning/t-digest/3.0/t-digest-3.0.jar:/home/bridgelabz/.m2/repository/org/hdrhistogram/HdrHistogram/2.1.9/HdrHistogram-2.1.9.jar:/home/bridgelabz/.m2/repository/org/apache/logging/log4j/log4j-api/2.10.0/log4j-api-2.10.0.jar:/home/bridgelabz/.m2/repository/org/elasticsearch/jna/4.4.0-1/jna-4.4.0-1.jar:/home/bridgelabz/.m2/repository/org/elasticsearch/client/transport/5.6.10/transport-5.6.10.jar:/home/bridgelabz/.m2/repository/org/elasticsearch/plugin/reindex-client/5.6.10/reindex-client-5.6.10.jar:/home/bridgelabz/.m2/repository/org/elasticsearch/client/elasticsearch-rest-client/5.6.10/elasticsearch-rest-client-5.6.10.jar:/home/bridgelabz/.m2/repository/org/apache/httpcomponents/httpclient/4.5.5/httpclient-4.5.5.jar:/home/bridgelabz/.m2/repository/org/apache/httpcomponents/httpcore/4.4.9/httpcore-4.4.9.jar:/home/bridgelabz/.m2/repository/org/apache/httpcomponents/httpasyncclient/4.1.3/httpasyncclient-4.1.3.jar:/home/bridgelabz/.m2/repository/org/apache/httpcomponents/httpcore-nio/4.4.9/httpcore-nio-4.4.9.jar:/home/bridgelabz/.m2/repository/commons-codec/commons-codec/1.11/commons-codec-1.11.jar:/home/bridgelabz/.m2/repository/org/elasticsearch/plugin/lang-mustache-client/5.6.10/lang-mustache-client-5.6.10.jar:/home/bridgelabz/.m2/repository/com/github/spullara/mustache/java/compiler/0.9.3/compiler-0.9.3.jar:/home/bridgelabz/.m2/repository/org/elasticsearch/plugin/percolator-client/5.6.10/percolator-client-5.6.10.jar:/home/bridgelabz/.m2/repository/org/elasticsearch/plugin/parent-join-client/5.6.10/parent-join-client-5.6.10.jar:/home/bridgelabz/.m2/repository/org/elasticsearch/plugin/transport-netty4-client/5.6.10/transport-netty4-client-5.6.10.jar:/home/bridgelabz/.m2/repository/io/netty/netty-buffer/4.1.25.Final/netty-buffer-4.1.25.Final.jar:/home/bridgelabz/.m2/repository/io/netty/netty-codec/4.1.25.Final/netty-codec-4.1.25.Final.jar:/home/bridgelabz/.m2/repository/io/netty/netty-codec-http/4.1.25.Final/netty-codec-http-4.1.25.Final.jar:/home/bridgelabz/.m2/repository/io/netty/netty-common/4.1.25.Final/netty-common-4.1.25.Final.jar:/home/bridgelabz/.m2/repository/io/netty/netty-handler/4.1.25.Final/netty-handler-4.1.25.Final.jar:/home/bridgelabz/.m2/repository/io/netty/netty-resolver/4.1.25.Final/netty-resolver-4.1.25.Final.jar:/home/bridgelabz/.m2/repository/io/netty/netty-transport/4.1.25.Final/netty-transport-4.1.25.Final.jar:/home/bridgelabz/.m2/repository/org/locationtech/spatial4j/spatial4j/0.6/spatial4j-0.6.jar:/home/bridgelabz/.m2/repository/com/vividsolutions/jts/1.13/jts-1.13.jar:/home/bridgelabz/.m2/repository/org/springframework/social/spring-social-facebook/2.0.3.RELEASE/spring-social-facebook-2.0.3.RELEASE.jar:/home/bridgelabz/.m2/repository/com/fasterxml/jackson/core/jackson-core/2.9.6/jackson-core-2.9.6.jar:/home/bridgelabz/.m2/repository/org/springframework/social/spring-social-core/1.1.4.RELEASE/spring-social-core-1.1.4.RELEASE.jar:/home/bridgelabz/.m2/repository/org/springframework/social/spring-social-config/1.1.4.RELEASE/spring-social-config-1.1.4.RELEASE.jar:/home/bridgelabz/.m2/repository/org/springframework/social/spring-social-web/1.1.4.RELEASE/spring-social-web-1.1.4.RELEASE.jar:/home/bridgelabz/.m2/repository/javax/inject/javax.inject/1/javax.inject-1.jar:/home/bridgelabz/.m2/repository/com/fasterxml/jackson/core/jackson-annotations/2.9.0/jackson-annotations-2.9.0.jar:, java.specification.name=Java Platform API Specification, java.class.version=52.0, sun.management.compiler=HotSpot 64-Bit Tiered Compilers, os.version=4.15.0-29-generic, user.home=/home/bridgelabz, user.timezone=Asia/Kolkata, java.awt.printerjob=sun.print.PSPrinterJob, file.encoding=UTF-8, java.specification.version=1.8, java.class.path=/home/bridgelabz/fundoonotes/fundoonotes/target/test-classes:/home/bridgelabz/fundoonotes/fundoonotes/target/classes:/home/bridgelabz/.m2/repository/org/springframework/boot/spring-boot-starter-web/2.0.3.RELEASE/spring-boot-starter-web-2.0.3.RELEASE.jar:/home/bridgelabz/.m2/repository/org/springframework/boot/spring-boot-starter/2.0.3.RELEASE/spring-boot-starter-2.0.3.RELEASE.jar:/home/bridgelabz/.m2/repository/org/springframework/boot/spring-boot/2.0.3.RELEASE/spring-boot-2.0.3.RELEASE.jar:/home/bridgelabz/.m2/repository/org/springframework/boot/spring-boot-autoconfigure/2.0.3.RELEASE/spring-boot-autoconfigure-2.0.3.RELEASE.jar:/home/bridgelabz/.m2/repository/org/springframework/boot/spring-boot-starter-logging/2.0.3.RELEASE/spring-boot-starter-logging-2.0.3.RELEASE.jar:/home/bridgelabz/.m2/repository/ch/qos/logback/logback-classic/1.2.3/logback-classic-1.2.3.jar:/home/bridgelabz/.m2/repository/ch/qos/logback/logback-core/1.2.3/logback-core-1.2.3.jar:/home/bridgelabz/.m2/repository/org/apache/logging/log4j/log4j-to-slf4j/2.10.0/log4j-to-slf4j-2.10.0.jar:/home/bridgelabz/.m2/repository/org/slf4j/jul-to-slf4j/1.7.25/jul-to-slf4j-1.7.25.jar:/home/bridgelabz/.m2/repository/javax/annotation/javax.annotation-api/1.3.2/javax.annotation-api-1.3.2.jar:/home/bridgelabz/.m2/repository/org/yaml/snakeyaml/1.19/snakeyaml-1.19.jar:/home/bridgelabz/.m2/repository/org/springframework/boot/spring-boot-starter-json/2.0.3.RELEASE/spring-boot-starter-json-2.0.3.RELEASE.jar:/home/bridgelabz/.m2/repository/com/fasterxml/jackson/datatype/jackson-datatype-jdk8/2.9.6/jackson-datatype-jdk8-2.9.6.jar:/home/bridgelabz/.m2/repository/com/fasterxml/jackson/datatype/jackson-datatype-jsr310/2.9.6/jackson-datatype-jsr310-2.9.6.jar:/home/bridgelabz/.m2/repository/com/fasterxml/jackson/module/jackson-module-parameter-names/2.9.6/jackson-module-parameter-names-2.9.6.jar:/home/bridgelabz/.m2/repository/org/springframework/boot/spring-boot-starter-tomcat/2.0.3.RELEASE/spring-boot-starter-tomcat-2.0.3.RELEASE.jar:/home/bridgelabz/.m2/repository/org/apache/tomcat/embed/tomcat-embed-core/8.5.31/tomcat-embed-core-8.5.31.jar:/home/bridgelabz/.m2/repository/org/apache/tomcat/embed/tomcat-embed-el/8.5.31/tomcat-embed-el-8.5.31.jar:/home/bridgelabz/.m2/repository/org/apache/tomcat/embed/tomcat-embed-websocket/8.5.31/tomcat-embed-websocket-8.5.31.jar:/home/bridgelabz/.m2/repository/org/hibernate/validator/hibernate-validator/6.0.10.Final/hibernate-validator-6.0.10.Final.jar:/home/bridgelabz/.m2/repository/javax/validation/validation-api/2.0.1.Final/validation-api-2.0.1.Final.jar:/home/bridgelabz/.m2/repository/org/jboss/logging/jboss-logging/3.3.2.Final/jboss-logging-3.3.2.Final.jar:/home/bridgelabz/.m2/repository/org/springframework/spring-web/5.0.7.RELEASE/spring-web-5.0.7.RELEASE.jar:/home/bridgelabz/.m2/repository/javax/mail/mail/1.4/mail-1.4.jar:/home/bridgelabz/.m2/repository/javax/activation/activation/1.1/activation-1.1.jar:/home/bridgelabz/.m2/repository/org/springframework/spring-webmvc/5.0.7.RELEASE/spring-webmvc-5.0.7.RELEASE.jar:/home/bridgelabz/.m2/repository/org/springframework/spring-aop/5.0.7.RELEASE/spring-aop-5.0.7.RELEASE.jar:/home/bridgelabz/.m2/repository/org/springframework/spring-beans/5.0.7.RELEASE/spring-beans-5.0.7.RELEASE.jar:/home/bridgelabz/.m2/repository/org/springframework/spring-context/5.0.7.RELEASE/spring-context-5.0.7.RELEASE.jar:/home/bridgelabz/.m2/repository/org/springframework/spring-core/5.0.7.RELEASE/spring-core-5.0.7.RELEASE.jar:/home/bridgelabz/.m2/repository/org/springframework/spring-jcl/5.0.7.RELEASE/spring-jcl-5.0.7.RELEASE.jar:/home/bridgelabz/.m2/repository/org/springframework/spring-expression/5.0.7.RELEASE/spring-expression-5.0.7.RELEASE.jar:/home/bridgelabz/.m2/repository/org/springframework/data/spring-data-redis/2.0.8.RELEASE/spring-data-redis-2.0.8.RELEASE.jar:/home/bridgelabz/.m2/repository/org/springframework/data/spring-data-keyvalue/2.0.8.RELEASE/spring-data-keyvalue-2.0.8.RELEASE.jar:/home/bridgelabz/.m2/repository/org/springframework/data/spring-data-commons/2.0.8.RELEASE/spring-data-commons-2.0.8.RELEASE.jar:/home/bridgelabz/.m2/repository/org/springframework/spring-tx/5.0.7.RELEASE/spring-tx-5.0.7.RELEASE.jar:/home/bridgelabz/.m2/repository/org/springframework/spring-oxm/5.0.7.RELEASE/spring-oxm-5.0.7.RELEASE.jar:/home/bridgelabz/.m2/repository/org/springframework/spring-context-support/5.0.7.RELEASE/spring-context-support-5.0.7.RELEASE.jar:/home/bridgelabz/.m2/repository/org/slf4j/slf4j-api/1.7.25/slf4j-api-1.7.25.jar:/home/bridgelabz/.m2/repository/commons-validator/commons-validator/1.4.0/commons-validator-1.4.0.jar:/home/bridgelabz/.m2/repository/commons-beanutils/commons-beanutils/1.8.3/commons-beanutils-1.8.3.jar:/home/bridgelabz/.m2/repository/commons-digester/commons-digester/1.8/commons-digester-1.8.jar:/home/bridgelabz/.m2/repository/commons-logging/commons-logging/1.1.1/commons-logging-1.1.1.jar:/home/bridgelabz/.m2/repository/redis/clients/jedis/2.9.0/jedis-2.9.0.jar:/home/bridgelabz/.m2/repository/org/apache/commons/commons-pool2/2.5.0/commons-pool2-2.5.0.jar:/home/bridgelabz/.m2/repository/io/jsonwebtoken/jjwt/0.6.0/jjwt-0.6.0.jar:/home/bridgelabz/.m2/repository/com/fasterxml/jackson/core/jackson-databind/2.9.6/jackson-databind-2.9.6.jar:/home/bridgelabz/.m2/repository/joda-time/joda-time/2.9.9/joda-time-2.9.9.jar:/home/bridgelabz/.m2/repository/org/springframework/boot/spring-boot-starter-mail/2.0.3.RELEASE/spring-boot-starter-mail-2.0.3.RELEASE.jar:/home/bridgelabz/.m2/repository/com/sun/mail/javax.mail/1.6.1/javax.mail-1.6.1.jar:/home/bridgelabz/.m2/repository/org/springframework/boot/spring-boot-starter-data-mongodb/2.0.3.RELEASE/spring-boot-starter-data-mongodb-2.0.3.RELEASE.jar:/home/bridgelabz/.m2/repository/org/mongodb/mongodb-driver/3.6.4/mongodb-driver-3.6.4.jar:/home/bridgelabz/.m2/repository/org/mongodb/bson/3.6.4/bson-3.6.4.jar:/home/bridgelabz/.m2/repository/org/mongodb/mongodb-driver-core/3.6.4/mongodb-driver-core-3.6.4.jar:/home/bridgelabz/.m2/repository/org/springframework/data/spring-data-mongodb/2.0.8.RELEASE/spring-data-mongodb-2.0.8.RELEASE.jar:/home/bridgelabz/.m2/repository/io/springfox/springfox-swagger2/2.5.0/springfox-swagger2-2.5.0.jar:/home/bridgelabz/.m2/repository/io/swagger/swagger-annotations/1.5.9/swagger-annotations-1.5.9.jar:/home/bridgelabz/.m2/repository/io/swagger/swagger-models/1.5.9/swagger-models-1.5.9.jar:/home/bridgelabz/.m2/repository/io/springfox/springfox-spi/2.5.0/springfox-spi-2.5.0.jar:/home/bridgelabz/.m2/repository/io/springfox/springfox-core/2.5.0/springfox-core-2.5.0.jar:/home/bridgelabz/.m2/repository/io/springfox/springfox-schema/2.5.0/springfox-schema-2.5.0.jar:/home/bridgelabz/.m2/repository/io/springfox/springfox-swagger-common/2.5.0/springfox-swagger-common-2.5.0.jar:/home/bridgelabz/.m2/repository/io/springfox/springfox-spring-web/2.5.0/springfox-spring-web-2.5.0.jar:/home/bridgelabz/.m2/repository/com/google/guava/guava/18.0/guava-18.0.jar:/home/bridgelabz/.m2/repository/com/fasterxml/classmate/1.3.4/classmate-1.3.4.jar:/home/bridgelabz/.m2/repository/org/springframework/plugin/spring-plugin-core/1.2.0.RELEASE/spring-plugin-core-1.2.0.RELEASE.jar:/home/bridgelabz/.m2/repository/org/springframework/plugin/spring-plugin-metadata/1.2.0.RELEASE/spring-plugin-metadata-1.2.0.RELEASE.jar:/home/bridgelabz/.m2/repository/org/mapstruct/mapstruct/1.0.0.Final/mapstruct-1.0.0.Final.jar:/home/bridgelabz/.m2/repository/org/modelmapper/modelmapper/0.7.5/modelmapper-0.7.5.jar:/home/bridgelabz/.m2/repository/org/jsoup/jsoup/1.8.3/jsoup-1.8.3.jar:/home/bridgelabz/.m2/repository/io/springfox/springfox-swagger-ui/2.5.0/springfox-swagger-ui-2.5.0.jar:/home/bridgelabz/.m2/repository/org/springframework/security/spring-security-core/5.0.6.RELEASE/spring-security-core-5.0.6.RELEASE.jar:/home/bridgelabz/.m2/repository/org/springframework/boot/spring-boot-starter-test/2.0.3.RELEASE/spring-boot-starter-test-2.0.3.RELEASE.jar:/home/bridgelabz/.m2/repository/org/springframework/boot/spring-boot-test/2.0.3.RELEASE/spring-boot-test-2.0.3.RELEASE.jar:/home/bridgelabz/.m2/repository/org/springframework/boot/spring-boot-test-autoconfigure/2.0.3.RELEASE/spring-boot-test-autoconfigure-2.0.3.RELEASE.jar:/home/bridgelabz/.m2/repository/com/jayway/jsonpath/json-path/2.4.0/json-path-2.4.0.jar:/home/bridgelabz/.m2/repository/net/minidev/json-smart/2.3/json-smart-2.3.jar:/home/bridgelabz/.m2/repository/net/minidev/accessors-smart/1.2/accessors-smart-1.2.jar:/home/bridgelabz/.m2/repository/org/ow2/asm/asm/5.0.4/asm-5.0.4.jar:/home/bridgelabz/.m2/repository/junit/junit/4.12/junit-4.12.jar:/home/bridgelabz/.m2/repository/org/assertj/assertj-core/3.9.1/assertj-core-3.9.1.jar:/home/bridgelabz/.m2/repository/org/mockito/mockito-core/2.15.0/mockito-core-2.15.0.jar:/home/bridgelabz/.m2/repository/net/bytebuddy/byte-buddy/1.7.11/byte-buddy-1.7.11.jar:/home/bridgelabz/.m2/repository/net/bytebuddy/byte-buddy-agent/1.7.11/byte-buddy-agent-1.7.11.jar:/home/bridgelabz/.m2/repository/org/objenesis/objenesis/2.6/objenesis-2.6.jar:/home/bridgelabz/.m2/repository/org/hamcrest/hamcrest-core/1.3/hamcrest-core-1.3.jar:/home/bridgelabz/.m2/repository/org/hamcrest/hamcrest-library/1.3/hamcrest-library-1.3.jar:/home/bridgelabz/.m2/repository/org/skyscreamer/jsonassert/1.5.0/jsonassert-1.5.0.jar:/home/bridgelabz/.m2/repository/com/vaadin/external/google/android-json/0.0.20131108.vaadin1/android-json-0.0.20131108.vaadin1.jar:/home/bridgelabz/.m2/repository/org/springframework/spring-test/5.0.7.RELEASE/spring-test-5.0.7.RELEASE.jar:/home/bridgelabz/.m2/repository/org/xmlunit/xmlunit-core/2.5.1/xmlunit-core-2.5.1.jar:/home/bridgelabz/.m2/repository/org/springframework/boot/spring-boot-starter-amqp/2.0.3.RELEASE/spring-boot-starter-amqp-2.0.3.RELEASE.jar:/home/bridgelabz/.m2/repository/org/springframework/spring-messaging/5.0.7.RELEASE/spring-messaging-5.0.7.RELEASE.jar:/home/bridgelabz/.m2/repository/org/springframework/amqp/spring-rabbit/2.0.4.RELEASE/spring-rabbit-2.0.4.RELEASE.jar:/home/bridgelabz/.m2/repository/org/springframework/amqp/spring-amqp/2.0.4.RELEASE/spring-amqp-2.0.4.RELEASE.jar:/home/bridgelabz/.m2/repository/com/rabbitmq/amqp-client/5.1.2/amqp-client-5.1.2.jar:/home/bridgelabz/.m2/repository/org/springframework/retry/spring-retry/1.2.2.RELEASE/spring-retry-1.2.2.RELEASE.jar:/home/bridgelabz/.m2/repository/org/mockito/mockito-all/1.10.19/mockito-all-1.10.19.jar:/home/bridgelabz/.m2/repository/org/springframework/boot/spring-boot-starter-data-elasticsearch/2.0.3.RELEASE/spring-boot-starter-data-elasticsearch-2.0.3.RELEASE.jar:/home/bridgelabz/.m2/repository/org/springframework/data/spring-data-elasticsearch/3.0.8.RELEASE/spring-data-elasticsearch-3.0.8.RELEASE.jar:/home/bridgelabz/.m2/repository/commons-lang/commons-lang/2.6/commons-lang-2.6.jar:/home/bridgelabz/.m2/repository/org/elasticsearch/elasticsearch/5.6.10/elasticsearch-5.6.10.jar:/home/bridgelabz/.m2/repository/org/apache/lucene/lucene-core/6.6.1/lucene-core-6.6.1.jar:/home/bridgelabz/.m2/repository/org/apache/lucene/lucene-analyzers-common/6.6.1/lucene-analyzers-common-6.6.1.jar:/home/bridgelabz/.m2/repository/org/apache/lucene/lucene-backward-codecs/6.6.1/lucene-backward-codecs-6.6.1.jar:/home/bridgelabz/.m2/repository/org/apache/lucene/lucene-grouping/6.6.1/lucene-grouping-6.6.1.jar:/home/bridgelabz/.m2/repository/org/apache/lucene/lucene-highlighter/6.6.1/lucene-highlighter-6.6.1.jar:/home/bridgelabz/.m2/repository/org/apache/lucene/lucene-join/6.6.1/lucene-join-6.6.1.jar:/home/bridgelabz/.m2/repository/org/apache/lucene/lucene-memory/6.6.1/lucene-memory-6.6.1.jar:/home/bridgelabz/.m2/repository/org/apache/lucene/lucene-misc/6.6.1/lucene-misc-6.6.1.jar:/home/bridgelabz/.m2/repository/org/apache/lucene/lucene-queries/6.6.1/lucene-queries-6.6.1.jar:/home/bridgelabz/.m2/repository/org/apache/lucene/lucene-queryparser/6.6.1/lucene-queryparser-6.6.1.jar:/home/bridgelabz/.m2/repository/org/apache/lucene/lucene-sandbox/6.6.1/lucene-sandbox-6.6.1.jar:/home/bridgelabz/.m2/repository/org/apache/lucene/lucene-spatial/6.6.1/lucene-spatial-6.6.1.jar:/home/bridgelabz/.m2/repository/org/apache/lucene/lucene-spatial-extras/6.6.1/lucene-spatial-extras-6.6.1.jar:/home/bridgelabz/.m2/repository/org/apache/lucene/lucene-spatial3d/6.6.1/lucene-spatial3d-6.6.1.jar:/home/bridgelabz/.m2/repository/org/apache/lucene/lucene-suggest/6.6.1/lucene-suggest-6.6.1.jar:/home/bridgelabz/.m2/repository/org/elasticsearch/securesm/1.2/securesm-1.2.jar:/home/bridgelabz/.m2/repository/net/sf/jopt-simple/jopt-simple/5.0.2/jopt-simple-5.0.2.jar:/home/bridgelabz/.m2/repository/com/carrotsearch/hppc/0.7.1/hppc-0.7.1.jar:/home/bridgelabz/.m2/repository/com/fasterxml/jackson/dataformat/jackson-dataformat-smile/2.9.6/jackson-dataformat-smile-2.9.6.jar:/home/bridgelabz/.m2/repository/com/fasterxml/jackson/dataformat/jackson-dataformat-yaml/2.9.6/jackson-dataformat-yaml-2.9.6.jar:/home/bridgelabz/.m2/repository/com/fasterxml/jackson/dataformat/jackson-dataformat-cbor/2.9.6/jackson-dataformat-cbor-2.9.6.jar:/home/bridgelabz/.m2/repository/com/tdunning/t-digest/3.0/t-digest-3.0.jar:/home/bridgelabz/.m2/repository/org/hdrhistogram/HdrHistogram/2.1.9/HdrHistogram-2.1.9.jar:/home/bridgelabz/.m2/repository/org/apache/logging/log4j/log4j-api/2.10.0/log4j-api-2.10.0.jar:/home/bridgelabz/.m2/repository/org/elasticsearch/jna/4.4.0-1/jna-4.4.0-1.jar:/home/bridgelabz/.m2/repository/org/elasticsearch/client/transport/5.6.10/transport-5.6.10.jar:/home/bridgelabz/.m2/repository/org/elasticsearch/plugin/reindex-client/5.6.10/reindex-client-5.6.10.jar:/home/bridgelabz/.m2/repository/org/elasticsearch/client/elasticsearch-rest-client/5.6.10/elasticsearch-rest-client-5.6.10.jar:/home/bridgelabz/.m2/repository/org/apache/httpcomponents/httpclient/4.5.5/httpclient-4.5.5.jar:/home/bridgelabz/.m2/repository/org/apache/httpcomponents/httpcore/4.4.9/httpcore-4.4.9.jar:/home/bridgelabz/.m2/repository/org/apache/httpcomponents/httpasyncclient/4.1.3/httpasyncclient-4.1.3.jar:/home/bridgelabz/.m2/repository/org/apache/httpcomponents/httpcore-nio/4.4.9/httpcore-nio-4.4.9.jar:/home/bridgelabz/.m2/repository/commons-codec/commons-codec/1.11/commons-codec-1.11.jar:/home/bridgelabz/.m2/repository/org/elasticsearch/plugin/lang-mustache-client/5.6.10/lang-mustache-client-5.6.10.jar:/home/bridgelabz/.m2/repository/com/github/spullara/mustache/java/compiler/0.9.3/compiler-0.9.3.jar:/home/bridgelabz/.m2/repository/org/elasticsearch/plugin/percolator-client/5.6.10/percolator-client-5.6.10.jar:/home/bridgelabz/.m2/repository/org/elasticsearch/plugin/parent-join-client/5.6.10/parent-join-client-5.6.10.jar:/home/bridgelabz/.m2/repository/org/elasticsearch/plugin/transport-netty4-client/5.6.10/transport-netty4-client-5.6.10.jar:/home/bridgelabz/.m2/repository/io/netty/netty-buffer/4.1.25.Final/netty-buffer-4.1.25.Final.jar:/home/bridgelabz/.m2/repository/io/netty/netty-codec/4.1.25.Final/netty-codec-4.1.25.Final.jar:/home/bridgelabz/.m2/repository/io/netty/netty-codec-http/4.1.25.Final/netty-codec-http-4.1.25.Final.jar:/home/bridgelabz/.m2/repository/io/netty/netty-common/4.1.25.Final/netty-common-4.1.25.Final.jar:/home/bridgelabz/.m2/repository/io/netty/netty-handler/4.1.25.Final/netty-handler-4.1.25.Final.jar:/home/bridgelabz/.m2/repository/io/netty/netty-resolver/4.1.25.Final/netty-resolver-4.1.25.Final.jar:/home/bridgelabz/.m2/repository/io/netty/netty-transport/4.1.25.Final/netty-transport-4.1.25.Final.jar:/home/bridgelabz/.m2/repository/org/locationtech/spatial4j/spatial4j/0.6/spatial4j-0.6.jar:/home/bridgelabz/.m2/repository/com/vividsolutions/jts/1.13/jts-1.13.jar:/home/bridgelabz/.m2/repository/org/springframework/social/spring-social-facebook/2.0.3.RELEASE/spring-social-facebook-2.0.3.RELEASE.jar:/home/bridgelabz/.m2/repository/com/fasterxml/jackson/core/jackson-core/2.9.6/jackson-core-2.9.6.jar:/home/bridgelabz/.m2/repository/org/springframework/social/spring-social-core/1.1.4.RELEASE/spring-social-core-1.1.4.RELEASE.jar:/home/bridgelabz/.m2/repository/org/springframework/social/spring-social-config/1.1.4.RELEASE/spring-social-config-1.1.4.RELEASE.jar:/home/bridgelabz/.m2/repository/org/springframework/social/spring-social-web/1.1.4.RELEASE/spring-social-web-1.1.4.RELEASE.jar:/home/bridgelabz/.m2/repository/javax/inject/javax.inject/1/javax.inject-1.jar:/home/bridgelabz/.m2/repository/com/fasterxml/jackson/core/jackson-annotations/2.9.0/jackson-annotations-2.9.0.jar:, user.name=bridgelabz, java.vm.specification.version=1.8, sun.java.command=/home/bridgelabz/fundoonotes/fundoonotes/target/surefire/surefirebooter2953429098920688639.jar /home/bridgelabz/fundoonotes/fundoonotes/target/surefire 2018-08-06T16-28-28_162-jvmRun1 surefire1652743136551999357tmp surefire_07811884365376133905tmp, java.home=/usr/lib/jvm/java-8-oracle/jre, sun.arch.data.model=64, user.language=en, java.specification.vendor=Oracle Corporation, awt.toolkit=sun.awt.X11.XToolkit, java.vm.info=mixed mode, java.version=1.8.0_171, java.ext.dirs=/usr/lib/jvm/java-8-oracle/jre/lib/ext:/usr/java/packages/lib/ext, sun.boot.class.path=/usr/lib/jvm/java-8-oracle/jre/lib/resources.jar:/usr/lib/jvm/java-8-oracle/jre/lib/rt.jar:/usr/lib/jvm/java-8-oracle/jre/lib/sunrsasign.jar:/usr/lib/jvm/java-8-oracle/jre/lib/jsse.jar:/usr/lib/jvm/java-8-oracle/jre/lib/jce.jar:/usr/lib/jvm/java-8-oracle/jre/lib/charsets.jar:/usr/lib/jvm/java-8-oracle/jre/lib/jfr.jar:/usr/lib/jvm/java-8-oracle/jre/classes, java.vendor=Oracle Corporation, localRepository=/home/bridgelabz/.m2/repository, file.separator=/, java.vendor.url.bug=http://bugreport.sun.com/bugreport/, sun.io.unicode.encoding=UnicodeLittle, sun.cpu.endian=little, sun.desktop=gnome, sun.cpu.isalist=}}, SystemEnvironmentPropertySource@931496835 {name='systemEnvironment', properties={PATH=/home/bridgelabz/bin:/home/bridgelabz/.local/bin:/usr/local/sbin:/usr/local/bin:/usr/sbin:/usr/bin:/sbin:/bin:/usr/games:/usr/local/games:/snap/bin:/usr/lib/jvm/java-8-oracle/bin:/usr/lib/jvm/java-8-oracle/db/bin:/usr/lib/jvm/java-8-oracle/jre/bin, XAUTHORITY=/home/bridgelabz/.Xauthority, XMODIFIERS=@im=ibus, XDG_DATA_DIRS=/usr/share/ubuntu:/usr/share/gnome:/usr/local/share:/usr/share:/var/lib/snapd/desktop:/var/lib/snapd/desktop, GDMSESSION=ubuntu, MANDATORY_PATH=/usr/share/gconf/ubuntu.mandatory.path, mailPass=Simran@4, GTK_IM_MODULE=ibus, DBUS_SESSION_BUS_ADDRESS=unix:abstract=/tmp/dbus-1ZHtoHPtGB, DEFAULTS_PATH=/usr/share/gconf/ubuntu.default.path, XDG_CURRENT_DESKTOP=Unity, UPSTART_SESSION=unix:abstract=/com/ubuntu/upstart-session/1000/2495, QT4_IM_MODULE=xim, SESSION_MANAGER=local/bridgelabz:@/tmp/.ICE-unix/2738,unix/bridgelabz:/tmp/.ICE-unix/2738, QT_LINUX_ACCESSIBILITY_ALWAYS_ON=1, LOGNAME=bridgelabz, JOB=unity-settings-daemon, PWD=/home/bridgelabz/fundoonotes/fundoonotes, DERBY_HOME=/usr/lib/jvm/java-8-oracle/db, IM_CONFIG_PHASE=1, LANGUAGE=en_IN:en, SHELL=/bin/bash, UNITY_HAS_3D_SUPPORT=true, GIO_LAUNCHED_DESKTOP_FILE=/home/bridgelabz/.local/share/applications/spring_tool_suite.desktop, GTK2_MODULES=overlay-scrollbar, INSTANCE=, J2SDKDIR=/usr/lib/jvm/java-8-oracle, OLDPWD=/home/bridgelabz/fundoonotes/fundoonotes, GNOME_DESKTOP_SESSION_ID=this-is-deprecated, UPSTART_INSTANCE=, GTK_MODULES=gail:atk-bridge:unity-gtk-module, J2REDIR=/usr/lib/jvm/java-8-oracle/jre, GDK_SCALE=1, CLUTTER_IM_MODULE=xim, XDG_SESSION_PATH=/org/freedesktop/DisplayManager/Session0, COMPIZ_BIN_PATH=/usr/bin/, SESSIONTYPE=gnome-session, XDG_SESSION_DESKTOP=ubuntu, SHLVL=0, OXYGEN_DISABLE_INNER_SHADOWS_HACK=1, COMPIZ_CONFIG_PROFILE=ubuntu, QT_IM_MODULE=ibus, UPSTART_JOB=unity7, JAVA_HOME=/usr/lib/jvm/java-8-oracle, XDG_CONFIG_DIRS=/etc/xdg/xdg-ubuntu:/usr/share/upstart/xdg:/etc/xdg, LANG=en_IN, GNOME_KEYRING_CONTROL=, XDG_SEAT_PATH=/org/freedesktop/DisplayManager/Seat0, XDG_SESSION_ID=c2, XDG_SESSION_TYPE=x11, DISPLAY=:0, UNITY_DEFAULT_PROFILE=unity, GDM_LANG=en_US, XDG_GREETER_DATA_DIR=/var/lib/lightdm-data/bridgelabz, UPSTART_EVENTS=xsession started, LIBOVERLAY_SCROLLBAR=0, GPG_AGENT_INFO=/home/bridgelabz/.gnupg/S.gpg-agent:0:1, GDK_CORE_DEVICE_EVENTS=1, DESKTOP_SESSION=ubuntu, SESSION=ubuntu, USER=bridgelabz, XDG_MENU_PREFIX=gnome-, GIO_LAUNCHED_DESKTOP_FILE_PID=12960, QT_ACCESSIBILITY=1, SSH_AUTH_SOCK=/run/user/1000/keyring/ssh, XDG_SEAT=seat0, QT_QPA_PLATFORMTHEME=appmenu-qt5, XDG_VTNR=7, XDG_RUNTIME_DIR=/run/user/1000, HOME=/home/bridgelabz, GNOME_KEYRING_PID=}}]
16:28:29.253 [main] DEBUG org.springframework.test.context.support.TestPropertySourceUtils - Adding inlined properties to environment: {spring.jmx.enabled=false, org.springframework.boot.test.context.SpringBootTestContextBootstrapper=true, server.port=-1}
16:28:29.254 [main] DEBUG org.springframework.core.env.StandardEnvironment - Adding PropertySource 'Inlined Test Properties' with highest search precedence

  .   ____          _            __ _ _
 /\\ / ___'_ __ _ _(_)_ __  __ _ \ \ \ \
( ( )\___ | '_ | '_| | '_ \/ _` | \ \ \ \
 \\/  ___)| |_)| | | | | || (_| |  ) ) ) )
  '  |____| .__|_| |_|_| |_\__, | / / / /
 =========|_|==============|___/=/_/_/_/
 :: Spring Boot ::        (v2.0.3.RELEASE)

2018-08-06 16:28:29.495  INFO 21740 --- [           main] com.bridgelabz.fundoonotes.TestServices  : Starting TestServices on bridgelabz with PID 21740 (started by bridgelabz in /home/bridgelabz/fundoonotes/fundoonotes)
2018-08-06 16:28:29.500  INFO 21740 --- [           main] com.bridgelabz.fundoonotes.TestServices  : No active profile set, falling back to default profiles: default
2018-08-06 16:28:29.537  INFO 21740 --- [           main] o.s.w.c.s.GenericWebApplicationContext   : Refreshing org.springframework.web.context.support.GenericWebApplicationContext@4201c465: startup date [Mon Aug 06 16:28:29 IST 2018]; root of context hierarchy
2018-08-06 16:28:30.493  INFO 21740 --- [           main] .s.d.r.c.RepositoryConfigurationDelegate : Multiple Spring Data modules found, entering strict repository configuration mode!
2018-08-06 16:28:30.582  INFO 21740 --- [           main] .s.d.r.c.RepositoryConfigurationDelegate : Multiple Spring Data modules found, entering strict repository configuration mode!
2018-08-06 16:28:30.605  INFO 21740 --- [           main] .RepositoryConfigurationExtensionSupport : Spring Data MongoDB - Could not safely identify store assignment for repository candidate interface com.bridgelabz.fundoonotes.notes.repositories.LabelsElasticrepository.
2018-08-06 16:28:30.608  INFO 21740 --- [           main] .RepositoryConfigurationExtensionSupport : Spring Data MongoDB - Could not safely identify store assignment for repository candidate interface com.bridgelabz.fundoonotes.notes.repositories.NotesElasticRepository.
2018-08-06 16:28:30.611  INFO 21740 --- [           main] .RepositoryConfigurationExtensionSupport : Spring Data MongoDB - Could not safely identify store assignment for repository candidate interface com.bridgelabz.fundoonotes.user.repository.UserElasticRepository.
2018-08-06 16:28:30.616  INFO 21740 --- [           main] o.s.b.f.s.DefaultListableBeanFactory     : Overriding bean definition for bean 'userRepository' with a different definition: replacing [Root bean: class [org.springframework.data.elasticsearch.repository.support.ElasticsearchRepositoryFactoryBean]; scope=; abstract=false; lazyInit=false; autowireMode=0; dependencyCheck=0; autowireCandidate=true; primary=false; factoryBeanName=null; factoryMethodName=null; initMethodName=null; destroyMethodName=null] with [Root bean: class [org.springframework.data.mongodb.repository.support.MongoRepositoryFactoryBean]; scope=; abstract=false; lazyInit=false; autowireMode=0; dependencyCheck=0; autowireCandidate=true; primary=false; factoryBeanName=null; factoryMethodName=null; initMethodName=null; destroyMethodName=null]
2018-08-06 16:28:30.618  INFO 21740 --- [           main] o.s.b.f.s.DefaultListableBeanFactory     : Overriding bean definition for bean 'labelRepository' with a different definition: replacing [Root bean: class [org.springframework.data.elasticsearch.repository.support.ElasticsearchRepositoryFactoryBean]; scope=; abstract=false; lazyInit=false; autowireMode=0; dependencyCheck=0; autowireCandidate=true; primary=false; factoryBeanName=null; factoryMethodName=null; initMethodName=null; destroyMethodName=null] with [Root bean: class [org.springframework.data.mongodb.repository.support.MongoRepositoryFactoryBean]; scope=; abstract=false; lazyInit=false; autowireMode=0; dependencyCheck=0; autowireCandidate=true; primary=false; factoryBeanName=null; factoryMethodName=null; initMethodName=null; destroyMethodName=null]
2018-08-06 16:28:30.620  INFO 21740 --- [           main] o.s.b.f.s.DefaultListableBeanFactory     : Overriding bean definition for bean 'notesRepository' with a different definition: replacing [Root bean: class [org.springframework.data.elasticsearch.repository.support.ElasticsearchRepositoryFactoryBean]; scope=; abstract=false; lazyInit=false; autowireMode=0; dependencyCheck=0; autowireCandidate=true; primary=false; factoryBeanName=null; factoryMethodName=null; initMethodName=null; destroyMethodName=null] with [Root bean: class [org.springframework.data.mongodb.repository.support.MongoRepositoryFactoryBean]; scope=; abstract=false; lazyInit=false; autowireMode=0; dependencyCheck=0; autowireCandidate=true; primary=false; factoryBeanName=null; factoryMethodName=null; initMethodName=null; destroyMethodName=null]
2018-08-06 16:28:30.630  INFO 21740 --- [           main] .s.d.r.c.RepositoryConfigurationDelegate : Multiple Spring Data modules found, entering strict repository configuration mode!
2018-08-06 16:28:30.643  INFO 21740 --- [           main] .RepositoryConfigurationExtensionSupport : Spring Data Redis - Could not safely identify store assignment for repository candidate interface com.bridgelabz.fundoonotes.notes.repositories.LabelRepository.
2018-08-06 16:28:30.644  INFO 21740 --- [           main] .RepositoryConfigurationExtensionSupport : Spring Data Redis - Could not safely identify store assignment for repository candidate interface com.bridgelabz.fundoonotes.notes.repositories.LabelsElasticrepository.
2018-08-06 16:28:30.644  INFO 21740 --- [           main] .RepositoryConfigurationExtensionSupport : Spring Data Redis - Could not safely identify store assignment for repository candidate interface com.bridgelabz.fundoonotes.notes.repositories.NotesElasticRepository.
2018-08-06 16:28:30.644  INFO 21740 --- [           main] .RepositoryConfigurationExtensionSupport : Spring Data Redis - Could not safely identify store assignment for repository candidate interface com.bridgelabz.fundoonotes.notes.repositories.NotesRepository.
2018-08-06 16:28:30.645  INFO 21740 --- [           main] .RepositoryConfigurationExtensionSupport : Spring Data Redis - Could not safely identify store assignment for repository candidate interface com.bridgelabz.fundoonotes.user.repository.UserElasticRepository.
2018-08-06 16:28:30.645  INFO 21740 --- [           main] .RepositoryConfigurationExtensionSupport : Spring Data Redis - Could not safely identify store assignment for repository candidate interface com.bridgelabz.fundoonotes.user.repository.UserRepository.
2018-08-06 16:28:31.030  INFO 21740 --- [           main] f.a.AutowiredAnnotationBeanPostProcessor : JSR-330 'javax.inject.Inject' annotation found and supported for autowiring
2018-08-06 16:28:31.092  INFO 21740 --- [           main] trationDelegate$BeanPostProcessorChecker : Bean 'org.springframework.amqp.rabbit.annotation.RabbitBootstrapConfiguration' of type [org.springframework.amqp.rabbit.annotation.RabbitBootstrapConfiguration$$EnhancerBySpringCGLIB$$fde7efc8] is not eligible for getting processed by all BeanPostProcessors (for example: not eligible for auto-proxying)
2018-08-06 16:28:31.539  INFO 21740 --- [           main] org.mongodb.driver.cluster               : Cluster created with settings {hosts=[localhost:27017], mode=MULTIPLE, requiredClusterType=UNKNOWN, serverSelectionTimeout='30000 ms', maxWaitQueueSize=500}
2018-08-06 16:28:31.539  INFO 21740 --- [           main] org.mongodb.driver.cluster               : Adding discovered server localhost:27017 to client view of cluster
2018-08-06 16:28:31.612  INFO 21740 --- [localhost:27017] org.mongodb.driver.connection            : Opened connection [connectionId{localValue:1, serverValue:14}] to localhost:27017
2018-08-06 16:28:31.617  INFO 21740 --- [localhost:27017] org.mongodb.driver.cluster               : Monitor thread successfully connected to server with description ServerDescription{address=localhost:27017, type=STANDALONE, state=CONNECTED, ok=true, version=ServerVersion{versionList=[4, 0, 0]}, minWireVersion=0, maxWireVersion=7, maxDocumentSize=16777216, logicalSessionTimeoutMinutes=30, roundTripTimeNanos=2690902}
2018-08-06 16:28:31.618  INFO 21740 --- [localhost:27017] org.mongodb.driver.cluster               : Discovered cluster type of STANDALONE
2018-08-06 16:28:32.106  INFO 21740 --- [           main] o.elasticsearch.plugins.PluginsService   : no modules loaded
2018-08-06 16:28:32.119  INFO 21740 --- [           main] o.elasticsearch.plugins.PluginsService   : loaded plugin [org.elasticsearch.index.reindex.ReindexPlugin]
2018-08-06 16:28:32.119  INFO 21740 --- [           main] o.elasticsearch.plugins.PluginsService   : loaded plugin [org.elasticsearch.join.ParentJoinPlugin]
2018-08-06 16:28:32.119  INFO 21740 --- [           main] o.elasticsearch.plugins.PluginsService   : loaded plugin [org.elasticsearch.percolator.PercolatorPlugin]
2018-08-06 16:28:32.119  INFO 21740 --- [           main] o.elasticsearch.plugins.PluginsService   : loaded plugin [org.elasticsearch.script.mustache.MustachePlugin]
2018-08-06 16:28:32.119  INFO 21740 --- [           main] o.elasticsearch.plugins.PluginsService   : loaded plugin [org.elasticsearch.transport.Netty4Plugin]
2018-08-06 16:28:33.075  INFO 21740 --- [           main] i.netty.util.internal.PlatformDependent  : Your platform does not provide complete low-level API for accessing direct buffers reliably. Unless explicitly requested, heap buffer will always be preferred to avoid potential system instability.
2018-08-06 16:28:33.125  INFO 21740 --- [           main] o.s.d.e.c.TransportClientFactoryBean     : adding transport node : localhost:9300
2018-08-06 16:28:34.570  INFO 21740 --- [           main] s.w.s.m.m.a.RequestMappingHandlerMapping : Mapped "{[/api/labels/createlabel],methods=[POST]}" onto public org.springframework.http.ResponseEntity<com.bridgelabz.fundoonotes.notes.model.ViewLabelDto> com.bridgelabz.fundoonotes.notes.controller.LabelController.createLabel(javax.servlet.http.HttpServletRequest,java.lang.String) throws com.bridgelabz.fundoonotes.user.exception.TokenParsingException,com.bridgelabz.fundoonotes.notes.exceptions.LabelException
2018-08-06 16:28:34.571  INFO 21740 --- [           main] s.w.s.m.m.a.RequestMappingHandlerMapping : Mapped "{[/api/labels/ViewAllLabels],methods=[GET]}" onto public org.springframework.http.ResponseEntity<java.util.List<com.bridgelabz.fundoonotes.notes.model.ViewLabelDto>> com.bridgelabz.fundoonotes.notes.controller.LabelController.viewAllLabels(javax.servlet.http.HttpServletRequest) throws com.bridgelabz.fundoonotes.notes.exceptions.LabelException
2018-08-06 16:28:34.571  INFO 21740 --- [           main] s.w.s.m.m.a.RequestMappingHandlerMapping : Mapped "{[/api/labels/deletelabel],methods=[DELETE]}" onto public org.springframework.http.ResponseEntity<com.bridgelabz.fundoonotes.notes.model.NoteResponseDto> com.bridgelabz.fundoonotes.notes.controller.LabelController.deleteLable(javax.servlet.http.HttpServletRequest,java.lang.String) throws com.bridgelabz.fundoonotes.user.exception.TokenParsingException,com.bridgelabz.fundoonotes.notes.exceptions.LabelException,com.bridgelabz.fundoonotes.notes.exceptions.NoteNotFoundException,com.bridgelabz.fundoonotes.notes.exceptions.LabelNotFoundException
2018-08-06 16:28:34.572  INFO 21740 --- [           main] s.w.s.m.m.a.RequestMappingHandlerMapping : Mapped "{[/api/labels/editlabel],methods=[DELETE]}" onto public org.springframework.http.ResponseEntity<com.bridgelabz.fundoonotes.notes.model.NoteResponseDto> com.bridgelabz.fundoonotes.notes.controller.LabelController.editLable(javax.servlet.http.HttpServletRequest,java.lang.String,com.bridgelabz.fundoonotes.notes.model.EditLabelDto) throws com.bridgelabz.fundoonotes.user.exception.TokenParsingException,com.bridgelabz.fundoonotes.notes.exceptions.LabelException,com.bridgelabz.fundoonotes.notes.exceptions.NoteNotFoundException,com.bridgelabz.fundoonotes.notes.exceptions.LabelNotFoundException
2018-08-06 16:28:34.579  INFO 21740 --- [           main] s.w.s.m.m.a.RequestMappingHandlerMapping : Mapped "{[/api/notes/create],methods=[POST]}" onto public org.springframework.http.ResponseEntity<com.bridgelabz.fundoonotes.notes.model.ViewNoteDto> com.bridgelabz.fundoonotes.notes.controller.NotesController.createNote(javax.servlet.http.HttpServletRequest,com.bridgelabz.fundoonotes.notes.model.CreateDTO,boolean,boolean) throws com.bridgelabz.fundoonotes.notes.exceptions.CreateDtoException,com.bridgelabz.fundoonotes.user.exception.TokenParsingException,com.bridgelabz.fundoonotes.notes.exceptions.InvalidDateFormatException,com.bridgelabz.fundoonotes.notes.exceptions.LabelException
2018-08-06 16:28:34.580  INFO 21740 --- [           main] s.w.s.m.m.a.RequestMappingHandlerMapping : Mapped "{[/api/notes/openAll],methods=[GET]}" onto public org.springframework.http.ResponseEntity<java.util.List<com.bridgelabz.fundoonotes.notes.model.ViewNoteDto>> com.bridgelabz.fundoonotes.notes.controller.NotesController.openNotes(javax.servlet.http.HttpServletRequest) throws com.bridgelabz.fundoonotes.user.exception.TokenParsingException,com.bridgelabz.fundoonotes.notes.exceptions.NoteNotFoundException
2018-08-06 16:28:34.580  INFO 21740 --- [           main] s.w.s.m.m.a.RequestMappingHandlerMapping : Mapped "{[/api/notes/edit/{noteId}],methods=[PUT]}" onto public org.springframework.http.ResponseEntity<com.bridgelabz.fundoonotes.notes.model.NoteResponseDto> com.bridgelabz.fundoonotes.notes.controller.NotesController.editNotes(javax.servlet.http.HttpServletRequest,java.lang.String,com.bridgelabz.fundoonotes.notes.model.EditNoteDto) throws com.bridgelabz.fundoonotes.user.exception.TokenParsingException,com.bridgelabz.fundoonotes.notes.exceptions.EditDtoException,com.bridgelabz.fundoonotes.notes.exceptions.NoteNotFoundException,com.bridgelabz.fundoonotes.notes.exceptions.UnauthorizedUserException
2018-08-06 16:28:34.580  INFO 21740 --- [           main] s.w.s.m.m.a.RequestMappingHandlerMapping : Mapped "{[/api/notes/trash/{noteId}],methods=[PUT]}" onto public org.springframework.http.ResponseEntity<com.bridgelabz.fundoonotes.notes.model.NoteResponseDto> com.bridgelabz.fundoonotes.notes.controller.NotesController.deleteNote(javax.servlet.http.HttpServletRequest,java.lang.String,boolean) throws com.bridgelabz.fundoonotes.user.exception.TokenParsingException,com.bridgelabz.fundoonotes.notes.exceptions.NoteNotFoundException,com.bridgelabz.fundoonotes.notes.exceptions.UnauthorizedUserException
2018-08-06 16:28:34.581  INFO 21740 --- [           main] s.w.s.m.m.a.RequestMappingHandlerMapping : Mapped "{[/api/notes/deleteforever/{noteId}],methods=[DELETE]}" onto public org.springframework.http.ResponseEntity<com.bridgelabz.fundoonotes.notes.model.NoteResponseDto> com.bridgelabz.fundoonotes.notes.controller.NotesController.deleteForever(javax.servlet.http.HttpServletRequest,java.lang.String) throws com.bridgelabz.fundoonotes.user.exception.TokenParsingException,com.bridgelabz.fundoonotes.notes.exceptions.NoteNotFoundException,com.bridgelabz.fundoonotes.notes.exceptions.UnauthorizedUserException,com.bridgelabz.fundoonotes.notes.exceptions.NoteNotTrashedException
2018-08-06 16:28:34.581  INFO 21740 --- [           main] s.w.s.m.m.a.RequestMappingHandlerMapping : Mapped "{[/api/notes/addreminder/{noteId}],methods=[PUT]}" onto public org.springframework.http.ResponseEntity<com.bridgelabz.fundoonotes.notes.model.NoteResponseDto> com.bridgelabz.fundoonotes.notes.controller.NotesController.setReminder(javax.servlet.http.HttpServletRequest,java.lang.String,com.bridgelabz.fundoonotes.notes.model.DateDto) throws com.bridgelabz.fundoonotes.user.exception.TokenParsingException,com.bridgelabz.fundoonotes.notes.exceptions.NoteNotFoundException,com.bridgelabz.fundoonotes.notes.exceptions.UnauthorizedUserException,com.bridgelabz.fundoonotes.notes.exceptions.InvalidDateFormatException
2018-08-06 16:28:34.581  INFO 21740 --- [           main] s.w.s.m.m.a.RequestMappingHandlerMapping : Mapped "{[/api/notes/removereminder],methods=[PUT]}" onto public org.springframework.http.ResponseEntity<com.bridgelabz.fundoonotes.notes.model.NoteResponseDto> com.bridgelabz.fundoonotes.notes.controller.NotesController.removeReminder(javax.servlet.http.HttpServletRequest,java.lang.String) throws com.bridgelabz.fundoonotes.user.exception.TokenParsingException,com.bridgelabz.fundoonotes.notes.exceptions.NoteNotFoundException,com.bridgelabz.fundoonotes.notes.exceptions.UnauthorizedUserException
2018-08-06 16:28:34.581  INFO 21740 --- [           main] s.w.s.m.m.a.RequestMappingHandlerMapping : Mapped "{[/api/notes/addlabel/{noteId}],methods=[PUT]}" onto public org.springframework.http.ResponseEntity<com.bridgelabz.fundoonotes.notes.model.NoteResponseDto> com.bridgelabz.fundoonotes.notes.controller.NotesController.addLabel(javax.servlet.http.HttpServletRequest,java.lang.String,java.lang.String) throws com.bridgelabz.fundoonotes.user.exception.TokenParsingException,com.bridgelabz.fundoonotes.notes.exceptions.NoteNotFoundException,com.bridgelabz.fundoonotes.notes.exceptions.LabelException,com.bridgelabz.fundoonotes.notes.exceptions.UnauthorizedUserException
2018-08-06 16:28:34.582  INFO 21740 --- [           main] s.w.s.m.m.a.RequestMappingHandlerMapping : Mapped "{[/api/notes/removelabel/{noteId}],methods=[PUT]}" onto public org.springframework.http.ResponseEntity<com.bridgelabz.fundoonotes.notes.model.NoteResponseDto> com.bridgelabz.fundoonotes.notes.controller.NotesController.removeLabel(javax.servlet.http.HttpServletRequest,java.lang.String,java.lang.String) throws com.bridgelabz.fundoonotes.user.exception.TokenParsingException,com.bridgelabz.fundoonotes.notes.exceptions.NoteNotFoundException,com.bridgelabz.fundoonotes.notes.exceptions.LabelException,com.bridgelabz.fundoonotes.notes.exceptions.UnauthorizedUserException
2018-08-06 16:28:34.582  INFO 21740 --- [           main] s.w.s.m.m.a.RequestMappingHandlerMapping : Mapped "{[/api/notes/archive/{noteId}],methods=[PUT]}" onto public org.springframework.http.ResponseEntity<com.bridgelabz.fundoonotes.notes.model.NoteResponseDto> com.bridgelabz.fundoonotes.notes.controller.NotesController.archive(javax.servlet.http.HttpServletRequest,java.lang.String,boolean) throws com.bridgelabz.fundoonotes.user.exception.TokenParsingException,com.bridgelabz.fundoonotes.notes.exceptions.NoteNotFoundException,com.bridgelabz.fundoonotes.notes.exceptions.UnauthorizedUserException
2018-08-06 16:28:34.582  INFO 21740 --- [           main] s.w.s.m.m.a.RequestMappingHandlerMapping : Mapped "{[/api/notes/pin/{noteId}],methods=[PUT]}" onto public org.springframework.http.ResponseEntity<com.bridgelabz.fundoonotes.notes.model.NoteResponseDto> com.bridgelabz.fundoonotes.notes.controller.NotesController.pin(javax.servlet.http.HttpServletRequest,java.lang.String,boolean) throws com.bridgelabz.fundoonotes.user.exception.TokenParsingException,com.bridgelabz.fundoonotes.notes.exceptions.NoteNotFoundException,com.bridgelabz.fundoonotes.notes.exceptions.UnauthorizedUserException
2018-08-06 16:28:34.583  INFO 21740 --- [           main] s.w.s.m.m.a.RequestMappingHandlerMapping : Mapped "{[/api/notes/ViewNoteByLabel/{labelId}],methods=[GET]}" onto public org.springframework.http.ResponseEntity<java.util.List<com.bridgelabz.fundoonotes.notes.model.ViewNoteDto>> com.bridgelabz.fundoonotes.notes.controller.NotesController.viewLabeledNotes(javax.servlet.http.HttpServletRequest,java.lang.String) throws com.bridgelabz.fundoonotes.notes.exceptions.LabelException,com.bridgelabz.fundoonotes.notes.exceptions.NoteNotFoundException
2018-08-06 16:28:34.583  INFO 21740 --- [           main] s.w.s.m.m.a.RequestMappingHandlerMapping : Mapped "{[/api/notes/addcolor/{noteId}],methods=[PUT]}" onto public org.springframework.http.ResponseEntity<com.bridgelabz.fundoonotes.notes.model.NoteResponseDto> com.bridgelabz.fundoonotes.notes.controller.NotesController.addcolor(javax.servlet.http.HttpServletRequest,java.lang.String,java.lang.String) throws com.bridgelabz.fundoonotes.notes.exceptions.NoteNotFoundException,com.bridgelabz.fundoonotes.notes.exceptions.UnauthorizedUserException
2018-08-06 16:28:34.583  INFO 21740 --- [           main] s.w.s.m.m.a.RequestMappingHandlerMapping : Mapped "{[/api/notes/removecolor/{noteId}],methods=[PUT]}" onto public org.springframework.http.ResponseEntity<com.bridgelabz.fundoonotes.notes.model.NoteResponseDto> com.bridgelabz.fundoonotes.notes.controller.NotesController.removecolor(javax.servlet.http.HttpServletRequest,java.lang.String) throws com.bridgelabz.fundoonotes.notes.exceptions.NoteNotFoundException,com.bridgelabz.fundoonotes.notes.exceptions.UnauthorizedUserException
2018-08-06 16:28:34.584  INFO 21740 --- [           main] s.w.s.m.m.a.RequestMappingHandlerMapping : Mapped "{[/api/notes/ViewPinnedNotes],methods=[GET]}" onto public org.springframework.http.ResponseEntity<java.util.List<com.bridgelabz.fundoonotes.notes.model.ViewNoteDto>> com.bridgelabz.fundoonotes.notes.controller.NotesController.viewPinnedNotes(javax.servlet.http.HttpServletRequest) throws com.bridgelabz.fundoonotes.notes.exceptions.NoteNotFoundException
2018-08-06 16:28:34.584  INFO 21740 --- [           main] s.w.s.m.m.a.RequestMappingHandlerMapping : Mapped "{[/api/notes/ViewArchivedNotes],methods=[GET]}" onto public org.springframework.http.ResponseEntity<java.util.List<com.bridgelabz.fundoonotes.notes.model.ViewNoteDto>> com.bridgelabz.fundoonotes.notes.controller.NotesController.viewArchivedNotes(javax.servlet.http.HttpServletRequest) throws com.bridgelabz.fundoonotes.notes.exceptions.NoteNotFoundException
2018-08-06 16:28:34.584  INFO 21740 --- [           main] s.w.s.m.m.a.RequestMappingHandlerMapping : Mapped "{[/api/notes/AddLink],methods=[PUT]}" onto public org.springframework.http.ResponseEntity<com.bridgelabz.fundoonotes.notes.model.ViewNoteDto> com.bridgelabz.fundoonotes.notes.controller.NotesController.addLink(javax.servlet.http.HttpServletRequest,java.lang.String,java.lang.String) throws com.bridgelabz.fundoonotes.notes.exceptions.NoteNotFoundException,com.bridgelabz.fundoonotes.notes.exceptions.UnauthorizedUserException,com.bridgelabz.fundoonotes.user.exception.MalformedLinkException
2018-08-06 16:28:34.587  INFO 21740 --- [           main] s.w.s.m.m.a.RequestMappingHandlerMapping : Mapped "{[/Login with Facebook/createFacebookAuthorization],methods=[GET]}" onto public java.lang.String com.bridgelabz.fundoonotes.user.controller.FacebookLoginController.createFacebookAuthorization()
2018-08-06 16:28:34.588  INFO 21740 --- [           main] s.w.s.m.m.a.RequestMappingHandlerMapping : Mapped "{[/login],methods=[POST]}" onto public org.springframework.http.ResponseEntity<com.bridgelabz.fundoonotes.user.model.ResponseDto> com.bridgelabz.fundoonotes.user.controller.UserController.login(com.bridgelabz.fundoonotes.user.model.LoginDTO,javax.servlet.http.HttpServletResponse) throws javax.security.auth.login.LoginException
2018-08-06 16:28:34.588  INFO 21740 --- [           main] s.w.s.m.m.a.RequestMappingHandlerMapping : Mapped "{[/activateaccount],methods=[POST]}" onto public org.springframework.http.ResponseEntity<com.bridgelabz.fundoonotes.user.model.ResponseDto> com.bridgelabz.fundoonotes.user.controller.UserController.activateaccount(java.lang.String) throws com.bridgelabz.fundoonotes.user.exception.RegistrationException,com.bridgelabz.fundoonotes.user.exception.ActivationException,com.bridgelabz.fundoonotes.user.exception.TokenParsingException
2018-08-06 16:28:34.588  INFO 21740 --- [           main] s.w.s.m.m.a.RequestMappingHandlerMapping : Mapped "{[/forgetpassword],methods=[POST]}" onto public org.springframework.http.ResponseEntity<com.bridgelabz.fundoonotes.user.model.ResponseDto> com.bridgelabz.fundoonotes.user.controller.UserController.forgetPassword(com.bridgelabz.fundoonotes.user.model.MailUser) throws com.bridgelabz.fundoonotes.user.exception.ChangePassException,javax.mail.MessagingException
2018-08-06 16:28:34.589  INFO 21740 --- [           main] s.w.s.m.m.a.RequestMappingHandlerMapping : Mapped "{[/resetpassword],methods=[PUT]}" onto private org.springframework.http.ResponseEntity<com.bridgelabz.fundoonotes.user.model.ResponseDto> com.bridgelabz.fundoonotes.user.controller.UserController.resetpassword(com.bridgelabz.fundoonotes.user.model.ChangePassDTO,java.lang.String) throws com.bridgelabz.fundoonotes.user.exception.ChangePassException,javax.mail.MessagingException,com.bridgelabz.fundoonotes.user.exception.ActivationException,com.bridgelabz.fundoonotes.user.exception.TokenParsingException,com.bridgelabz.fundoonotes.user.exception.MalformedUUIDException
2018-08-06 16:28:34.589  INFO 21740 --- [           main] s.w.s.m.m.a.RequestMappingHandlerMapping : Mapped "{[/register],methods=[POST]}" onto public org.springframework.http.ResponseEntity<com.bridgelabz.fundoonotes.user.model.ResponseDto> com.bridgelabz.fundoonotes.user.controller.UserController.register(com.bridgelabz.fundoonotes.user.model.RegistrationDTO) throws com.bridgelabz.fundoonotes.user.exception.RegistrationException,javax.mail.MessagingException
2018-08-06 16:28:34.590  INFO 21740 --- [           main] s.w.s.m.m.a.RequestMappingHandlerMapping : Mapped "{[/v2/api-docs],methods=[GET],produces=[application/json || application/hal+json]}" onto public org.springframework.http.ResponseEntity<springfox.documentation.spring.web.json.Json> springfox.documentation.swagger2.web.Swagger2Controller.getDocumentation(java.lang.String,javax.servlet.http.HttpServletRequest)
2018-08-06 16:28:34.593  INFO 21740 --- [           main] s.w.s.m.m.a.RequestMappingHandlerMapping : Mapped "{[/swagger-resources/configuration/ui]}" onto org.springframework.http.ResponseEntity<springfox.documentation.swagger.web.UiConfiguration> springfox.documentation.swagger.web.ApiResourceController.uiConfiguration()
2018-08-06 16:28:34.594  INFO 21740 --- [           main] s.w.s.m.m.a.RequestMappingHandlerMapping : Mapped "{[/swagger-resources/configuration/security]}" onto org.springframework.http.ResponseEntity<springfox.documentation.swagger.web.SecurityConfiguration> springfox.documentation.swagger.web.ApiResourceController.securityConfiguration()
2018-08-06 16:28:34.594  INFO 21740 --- [           main] s.w.s.m.m.a.RequestMappingHandlerMapping : Mapped "{[/swagger-resources]}" onto org.springframework.http.ResponseEntity<java.util.List<springfox.documentation.swagger.web.SwaggerResource>> springfox.documentation.swagger.web.ApiResourceController.swaggerResources()
2018-08-06 16:28:34.599  INFO 21740 --- [           main] s.w.s.m.m.a.RequestMappingHandlerMapping : Mapped "{[/error],produces=[text/html]}" onto public org.springframework.web.servlet.ModelAndView org.springframework.boot.autoconfigure.web.servlet.error.BasicErrorController.errorHtml(javax.servlet.http.HttpServletRequest,javax.servlet.http.HttpServletResponse)
2018-08-06 16:28:34.600  INFO 21740 --- [           main] s.w.s.m.m.a.RequestMappingHandlerMapping : Mapped "{[/error]}" onto public org.springframework.http.ResponseEntity<java.util.Map<java.lang.String, java.lang.Object>> org.springframework.boot.autoconfigure.web.servlet.error.BasicErrorController.error(javax.servlet.http.HttpServletRequest)
2018-08-06 16:28:34.944  INFO 21740 --- [           main] o.s.w.s.handler.SimpleUrlHandlerMapping  : Mapped URL path [/**/favicon.ico] onto handler of type [class org.springframework.web.servlet.resource.ResourceHttpRequestHandler]
2018-08-06 16:28:35.146  INFO 21740 --- [           main] s.w.s.m.m.a.RequestMappingHandlerAdapter : Looking for @ControllerAdvice: org.springframework.web.context.support.GenericWebApplicationContext@4201c465: startup date [Mon Aug 06 16:28:29 IST 2018]; root of context hierarchy
2018-08-06 16:28:35.208  INFO 21740 --- [           main] o.s.w.s.handler.SimpleUrlHandlerMapping  : Mapped URL path [/webjars/**] onto handler of type [class org.springframework.web.servlet.resource.ResourceHttpRequestHandler]
2018-08-06 16:28:35.208  INFO 21740 --- [           main] o.s.w.s.handler.SimpleUrlHandlerMapping  : Mapped URL path [/**] onto handler of type [class org.springframework.web.servlet.resource.ResourceHttpRequestHandler]
2018-08-06 16:28:35.229  INFO 21740 --- [           main] .m.m.a.ExceptionHandlerExceptionResolver : Detected @ExceptionHandler methods in globalNotesException
2018-08-06 16:28:35.229  INFO 21740 --- [           main] .m.m.a.ExceptionHandlerExceptionResolver : Detected @ExceptionHandler methods in globalExceptionHandler
2018-08-06 16:28:35.585  INFO 21740 --- [           main] o.s.c.support.DefaultLifecycleProcessor  : Starting beans in phase 2147483647
2018-08-06 16:28:35.586  INFO 21740 --- [           main] d.s.w.p.DocumentationPluginsBootstrapper : Context refreshed
2018-08-06 16:28:35.603  INFO 21740 --- [           main] d.s.w.p.DocumentationPluginsBootstrapper : Found 1 custom documentation plugin(s)
2018-08-06 16:28:35.612  INFO 21740 --- [           main] s.d.s.w.s.ApiListingReferenceScanner     : Scanning for api listing references
2018-08-06 16:28:35.918  INFO 21740 --- [cTaskExecutor-1] o.s.a.r.c.CachingConnectionFactory       : Attempting to connect to: [localhost:5672]
2018-08-06 16:28:35.933  INFO 21740 --- [           main] com.bridgelabz.fundoonotes.TestServices  : Started TestServices in 6.671 seconds (JVM running for 7.453)
2018-08-06 16:28:36.027  INFO 21740 --- [           main] o.s.b.t.m.w.SpringBootMockServletContext : Initializing Spring FrameworkServlet ''
2018-08-06 16:28:36.028  INFO 21740 --- [           main] o.s.t.web.servlet.TestDispatcherServlet  : FrameworkServlet '': initialization started
2018-08-06 16:28:36.042  INFO 21740 --- [           main] o.s.t.web.servlet.TestDispatcherServlet  : FrameworkServlet '': initialization completed in 14 ms
2018-08-06 16:28:36.061  INFO 21740 --- [           main] c.b.f.user.filters.LoggerInterceptor     : Before Handler execution /login with Request Id 438e426c-aef5-4479-8be0-3b4545d76fc1
eyJhbGciOiJIUzI1NiJ9.eyJpYXQiOjE1MzM1NTMxMTYsInN1YiI6IjViNjdlYzk5YzBjYzM3MzhmYjdjMGUzOCIsImlzcyI6InNhcml0YSJ9.J0smGM5EJPEex8OocTg7S7PDv71W1sIcczlLLShuhB8
2018-08-06 16:28:36.398  INFO 21740 --- [           main] o.s.a.r.c.CachingConnectionFactory       : Attempting to connect to: [localhost:5672]
2018-08-06 16:28:36.404 ERROR 21740 --- [           main] c.b.f.n.exceptions.GlobalNotesException  : Error Occured : java.net.ConnectException: Connection refused (Connection refused)

org.springframework.amqp.AmqpConnectException: java.net.ConnectException: Connection refused (Connection refused)
	at org.springframework.amqp.rabbit.support.RabbitExceptionTranslator.convertRabbitAccessException(RabbitExceptionTranslator.java:62) ~[spring-rabbit-2.0.4.RELEASE.jar:2.0.4.RELEASE]
	at org.springframework.amqp.rabbit.connection.AbstractConnectionFactory.createBareConnection(AbstractConnectionFactory.java:476) ~[spring-rabbit-2.0.4.RELEASE.jar:2.0.4.RELEASE]
	at org.springframework.amqp.rabbit.connection.CachingConnectionFactory.createConnection(CachingConnectionFactory.java:614) ~[spring-rabbit-2.0.4.RELEASE.jar:2.0.4.RELEASE]
	at org.springframework.amqp.rabbit.connection.ConnectionFactoryUtils.createConnection(ConnectionFactoryUtils.java:240) ~[spring-rabbit-2.0.4.RELEASE.jar:2.0.4.RELEASE]
	at org.springframework.amqp.rabbit.core.RabbitTemplate.doExecute(RabbitTemplate.java:1797) ~[spring-rabbit-2.0.4.RELEASE.jar:2.0.4.RELEASE]
	at org.springframework.amqp.rabbit.core.RabbitTemplate.execute(RabbitTemplate.java:1771) ~[spring-rabbit-2.0.4.RELEASE.jar:2.0.4.RELEASE]
	at org.springframework.amqp.rabbit.core.RabbitTemplate.send(RabbitTemplate.java:859) ~[spring-rabbit-2.0.4.RELEASE.jar:2.0.4.RELEASE]
	at org.springframework.amqp.rabbit.core.RabbitTemplate.convertAndSend(RabbitTemplate.java:922) ~[spring-rabbit-2.0.4.RELEASE.jar:2.0.4.RELEASE]
	at org.springframework.amqp.rabbit.core.RabbitTemplate.convertAndSend(RabbitTemplate.java:916) ~[spring-rabbit-2.0.4.RELEASE.jar:2.0.4.RELEASE]
	at com.bridgelabz.fundoonotes.user.rabbitmq.ProducerServiceImpl.send(ProducerServiceImpl.java:26) ~[classes/:na]
	at com.bridgelabz.fundoonotes.user.services.UserServiceImpl.login(UserServiceImpl.java:92) ~[classes/:na]
	at com.bridgelabz.fundoonotes.user.controller.UserController.login(UserController.java:45) ~[classes/:na]
	at sun.reflect.NativeMethodAccessorImpl.invoke0(Native Method) ~[na:1.8.0_171]
	at sun.reflect.NativeMethodAccessorImpl.invoke(NativeMethodAccessorImpl.java:62) ~[na:1.8.0_171]
	at sun.reflect.DelegatingMethodAccessorImpl.invoke(DelegatingMethodAccessorImpl.java:43) ~[na:1.8.0_171]
	at java.lang.reflect.Method.invoke(Method.java:498) ~[na:1.8.0_171]
	at org.springframework.web.method.support.InvocableHandlerMethod.doInvoke(InvocableHandlerMethod.java:209) ~[spring-web-5.0.7.RELEASE.jar:5.0.7.RELEASE]
	at org.springframework.web.method.support.InvocableHandlerMethod.invokeForRequest(InvocableHandlerMethod.java:136) ~[spring-web-5.0.7.RELEASE.jar:5.0.7.RELEASE]
	at org.springframework.web.servlet.mvc.method.annotation.ServletInvocableHandlerMethod.invokeAndHandle(ServletInvocableHandlerMethod.java:102) ~[spring-webmvc-5.0.7.RELEASE.jar:5.0.7.RELEASE]
	at org.springframework.web.servlet.mvc.method.annotation.RequestMappingHandlerAdapter.invokeHandlerMethod(RequestMappingHandlerAdapter.java:877) ~[spring-webmvc-5.0.7.RELEASE.jar:5.0.7.RELEASE]
	at org.springframework.web.servlet.mvc.method.annotation.RequestMappingHandlerAdapter.handleInternal(RequestMappingHandlerAdapter.java:783) ~[spring-webmvc-5.0.7.RELEASE.jar:5.0.7.RELEASE]
	at org.springframework.web.servlet.mvc.method.AbstractHandlerMethodAdapter.handle(AbstractHandlerMethodAdapter.java:87) ~[spring-webmvc-5.0.7.RELEASE.jar:5.0.7.RELEASE]
	at org.springframework.web.servlet.DispatcherServlet.doDispatch(DispatcherServlet.java:991) ~[spring-webmvc-5.0.7.RELEASE.jar:5.0.7.RELEASE]
	at org.springframework.web.servlet.DispatcherServlet.doService(DispatcherServlet.java:925) ~[spring-webmvc-5.0.7.RELEASE.jar:5.0.7.RELEASE]
	at org.springframework.web.servlet.FrameworkServlet.processRequest(FrameworkServlet.java:974) [spring-webmvc-5.0.7.RELEASE.jar:5.0.7.RELEASE]
	at org.springframework.web.servlet.FrameworkServlet.doPost(FrameworkServlet.java:877) [spring-webmvc-5.0.7.RELEASE.jar:5.0.7.RELEASE]
	at javax.servlet.http.HttpServlet.service(HttpServlet.java:661) ~[tomcat-embed-core-8.5.31.jar:8.5.31]
	at org.springframework.web.servlet.FrameworkServlet.service(FrameworkServlet.java:851) [spring-webmvc-5.0.7.RELEASE.jar:5.0.7.RELEASE]
	at org.springframework.test.web.servlet.TestDispatcherServlet.service(TestDispatcherServlet.java:71) [spring-test-5.0.7.RELEASE.jar:5.0.7.RELEASE]
	at javax.servlet.http.HttpServlet.service(HttpServlet.java:742) ~[tomcat-embed-core-8.5.31.jar:8.5.31]
	at org.springframework.mock.web.MockFilterChain$ServletFilterProxy.doFilter(MockFilterChain.java:166) [spring-test-5.0.7.RELEASE.jar:5.0.7.RELEASE]
	at org.springframework.mock.web.MockFilterChain.doFilter(MockFilterChain.java:133) [spring-test-5.0.7.RELEASE.jar:5.0.7.RELEASE]
	at org.springframework.test.web.servlet.MockMvc.perform(MockMvc.java:165) [spring-test-5.0.7.RELEASE.jar:5.0.7.RELEASE]
	at com.bridgelabz.fundoonotes.TestServices.login(TestServices.java:45) [test-classes/:na]
	at sun.reflect.NativeMethodAccessorImpl.invoke0(Native Method) ~[na:1.8.0_171]
	at sun.reflect.NativeMethodAccessorImpl.invoke(NativeMethodAccessorImpl.java:62) ~[na:1.8.0_171]
	at sun.reflect.DelegatingMethodAccessorImpl.invoke(DelegatingMethodAccessorImpl.java:43) ~[na:1.8.0_171]
	at java.lang.reflect.Method.invoke(Method.java:498) ~[na:1.8.0_171]
	at org.junit.runners.model.FrameworkMethod$1.runReflectiveCall(FrameworkMethod.java:50) [junit-4.12.jar:4.12]
	at org.junit.internal.runners.model.ReflectiveCallable.run(ReflectiveCallable.java:12) [junit-4.12.jar:4.12]
	at org.junit.runners.model.FrameworkMethod.invokeExplosively(FrameworkMethod.java:47) [junit-4.12.jar:4.12]
	at org.junit.internal.runners.statements.InvokeMethod.evaluate(InvokeMethod.java:17) [junit-4.12.jar:4.12]
	at org.springframework.test.context.junit4.statements.RunBeforeTestExecutionCallbacks.evaluate(RunBeforeTestExecutionCallbacks.java:73) [spring-test-5.0.7.RELEASE.jar:5.0.7.RELEASE]
	at org.springframework.test.context.junit4.statements.RunAfterTestExecutionCallbacks.evaluate(RunAfterTestExecutionCallbacks.java:83) [spring-test-5.0.7.RELEASE.jar:5.0.7.RELEASE]
	at org.junit.internal.runners.statements.RunBefores.evaluate(RunBefores.java:26) [junit-4.12.jar:4.12]
	at org.springframework.test.context.junit4.statements.RunBeforeTestMethodCallbacks.evaluate(RunBeforeTestMethodCallbacks.java:75) [spring-test-5.0.7.RELEASE.jar:5.0.7.RELEASE]
	at org.springframework.test.context.junit4.statements.RunAfterTestMethodCallbacks.evaluate(RunAfterTestMethodCallbacks.java:86) [spring-test-5.0.7.RELEASE.jar:5.0.7.RELEASE]
	at org.springframework.test.context.junit4.statements.SpringRepeat.evaluate(SpringRepeat.java:84) [spring-test-5.0.7.RELEASE.jar:5.0.7.RELEASE]
	at org.junit.runners.ParentRunner.runLeaf(ParentRunner.java:325) [junit-4.12.jar:4.12]
	at org.springframework.test.context.junit4.SpringJUnit4ClassRunner.runChild(SpringJUnit4ClassRunner.java:251) [spring-test-5.0.7.RELEASE.jar:5.0.7.RELEASE]
	at org.springframework.test.context.junit4.SpringJUnit4ClassRunner.runChild(SpringJUnit4ClassRunner.java:97) [spring-test-5.0.7.RELEASE.jar:5.0.7.RELEASE]
	at org.junit.runners.ParentRunner$3.run(ParentRunner.java:290) [junit-4.12.jar:4.12]
	at org.junit.runners.ParentRunner$1.schedule(ParentRunner.java:71) [junit-4.12.jar:4.12]
	at org.junit.runners.ParentRunner.runChildren(ParentRunner.java:288) [junit-4.12.jar:4.12]
	at org.junit.runners.ParentRunner.access$000(ParentRunner.java:58) [junit-4.12.jar:4.12]
	at org.junit.runners.ParentRunner$2.evaluate(ParentRunner.java:268) [junit-4.12.jar:4.12]
	at org.springframework.test.context.junit4.statements.RunBeforeTestClassCallbacks.evaluate(RunBeforeTestClassCallbacks.java:61) [spring-test-5.0.7.RELEASE.jar:5.0.7.RELEASE]
	at org.springframework.test.context.junit4.statements.RunAfterTestClassCallbacks.evaluate(RunAfterTestClassCallbacks.java:70) [spring-test-5.0.7.RELEASE.jar:5.0.7.RELEASE]
	at org.junit.runners.ParentRunner.run(ParentRunner.java:363) [junit-4.12.jar:4.12]
	at org.springframework.test.context.junit4.SpringJUnit4ClassRunner.run(SpringJUnit4ClassRunner.java:190) [spring-test-5.0.7.RELEASE.jar:5.0.7.RELEASE]
	at org.apache.maven.surefire.junit4.JUnit4Provider.execute(JUnit4Provider.java:365) [surefire-junit4-2.21.0.jar:2.21.0]
	at org.apache.maven.surefire.junit4.JUnit4Provider.executeWithRerun(JUnit4Provider.java:273) [surefire-junit4-2.21.0.jar:2.21.0]
	at org.apache.maven.surefire.junit4.JUnit4Provider.executeTestSet(JUnit4Provider.java:238) [surefire-junit4-2.21.0.jar:2.21.0]
	at org.apache.maven.surefire.junit4.JUnit4Provider.invoke(JUnit4Provider.java:159) [surefire-junit4-2.21.0.jar:2.21.0]
	at org.apache.maven.surefire.booter.ForkedBooter.invokeProviderInSameClassLoader(ForkedBooter.java:379) [surefire-booter-2.21.0.jar:2.21.0]
	at org.apache.maven.surefire.booter.ForkedBooter.runSuitesInProcess(ForkedBooter.java:340) [surefire-booter-2.21.0.jar:2.21.0]
	at org.apache.maven.surefire.booter.ForkedBooter.execute(ForkedBooter.java:125) [surefire-booter-2.21.0.jar:2.21.0]
	at org.apache.maven.surefire.booter.ForkedBooter.main(ForkedBooter.java:413) [surefire-booter-2.21.0.jar:2.21.0]
Caused by: java.net.ConnectException: Connection refused (Connection refused)
	at java.net.PlainSocketImpl.socketConnect(Native Method) ~[na:1.8.0_171]
	at java.net.AbstractPlainSocketImpl.doConnect(AbstractPlainSocketImpl.java:350) ~[na:1.8.0_171]
	at java.net.AbstractPlainSocketImpl.connectToAddress(AbstractPlainSocketImpl.java:206) ~[na:1.8.0_171]
	at java.net.AbstractPlainSocketImpl.connect(AbstractPlainSocketImpl.java:188) ~[na:1.8.0_171]
	at java.net.SocksSocketImpl.connect(SocksSocketImpl.java:392) ~[na:1.8.0_171]
	at java.net.Socket.connect(Socket.java:589) ~[na:1.8.0_171]
	at com.rabbitmq.client.impl.SocketFrameHandlerFactory.create(SocketFrameHandlerFactory.java:60) ~[amqp-client-5.1.2.jar:5.1.2]
	at com.rabbitmq.client.ConnectionFactory.newConnection(ConnectionFactory.java:955) ~[amqp-client-5.1.2.jar:5.1.2]
	at com.rabbitmq.client.ConnectionFactory.newConnection(ConnectionFactory.java:907) ~[amqp-client-5.1.2.jar:5.1.2]
	at com.rabbitmq.client.ConnectionFactory.newConnection(ConnectionFactory.java:847) ~[amqp-client-5.1.2.jar:5.1.2]
	at org.springframework.amqp.rabbit.connection.AbstractConnectionFactory.createBareConnection(AbstractConnectionFactory.java:449) ~[spring-rabbit-2.0.4.RELEASE.jar:2.0.4.RELEASE]
	... 66 common frames omitted

2018-08-06 16:28:36.416  INFO 21740 --- [           main] c.b.f.user.filters.LoggerInterceptor     : Request is complete /login with Request Id 5ac68a6d-3022-499b-a928-916375bcaa20
]]></system-out>
  </testcase>
</testsuite>